This is pdfTeX, Version 3.141592653-2.6-1.40.22 (MiKTeX 21.6) (preloaded format=pdflatex 2021.9.20)  2 MAR 2022 17:45
entering extended mode
**./main.tex
(main.tex
LaTeX2e <2021-06-01>
L3 programming layer <2021-06-01>
(C:\Program Files\MiKTeX\tex/latex/base\book.cls
Document Class: book 2021/02/12 v1.4n Standard LaTeX document class
(C:\Program Files\MiKTeX\tex/latex/base\bk12.clo
File: bk12.clo 2021/02/12 v1.4n Standard LaTeX file (size option)
)
\c@part=\count182
\c@chapter=\count183
\c@section=\count184
\c@subsection=\count185
\c@subsubsection=\count186
\c@paragraph=\count187
\c@subparagraph=\count188
\c@figure=\count189
\c@table=\count190
\abovecaptionskip=\skip47
\belowcaptionskip=\skip48
\bibindent=\dimen138
)
(C:\Users\alexo\AppData\Roaming\MiKTeX\tex/latex/geometry\geometry.sty
Package: geometry 2020/01/02 v5.9 Page Geometry

(C:\Program Files\MiKTeX\tex/latex/graphics\keyval.sty
Package: keyval 2014/10/28 v1.15 key=value parser (DPC)
\KV@toks@=\toks16
)
(C:\Program Files\MiKTeX\tex/generic/iftex\ifvtex.sty
Package: ifvtex 2019/10/25 v1.7 ifvtex legacy package. Use iftex instead.

(C:\Program Files\MiKTeX\tex/generic/iftex\iftex.sty
Package: iftex 2020/03/06 v1.0d TeX engine tests
))
\Gm@cnth=\count191
\Gm@cntv=\count192
\c@Gm@tempcnt=\count193
\Gm@bindingoffset=\dimen139
\Gm@wd@mp=\dimen140
\Gm@odd@mp=\dimen141
\Gm@even@mp=\dimen142
\Gm@layoutwidth=\dimen143
\Gm@layoutheight=\dimen144
\Gm@layouthoffset=\dimen145
\Gm@layoutvoffset=\dimen146
\Gm@dimlist=\toks17

(C:\Users\alexo\AppData\Roaming\MiKTeX\tex/latex/geometry\geometry.cfg))
(C:\Users\alexo\AppData\Roaming\MiKTeX\tex/latex/fancyhdr\fancyhdr.sty
Package: fancyhdr 2021/01/28 v4.0.1 Extensive control of page headers and foote
rs
\f@nch@headwidth=\skip49
\f@nch@O@elh=\skip50
\f@nch@O@erh=\skip51
\f@nch@O@olh=\skip52
\f@nch@O@orh=\skip53
\f@nch@O@elf=\skip54
\f@nch@O@erf=\skip55
\f@nch@O@olf=\skip56
\f@nch@O@orf=\skip57
)
(C:\Users\alexo\AppData\Roaming\MiKTeX\tex/latex/caption\subcaption.sty
Package: subcaption 2020/10/07 v1.3j Sub-captions (AR)

(C:\Users\alexo\AppData\Roaming\MiKTeX\tex/latex/caption\caption.sty
Package: caption 2020/10/26 v3.5g Customizing captions (AR)

(C:\Users\alexo\AppData\Roaming\MiKTeX\tex/latex/caption\caption3.sty
Package: caption3 2020/10/21 v2.2e caption3 kernel (AR)
\captionmargin=\dimen147
\captionmargin@=\dimen148
\captionwidth=\dimen149
\caption@tempdima=\dimen150
\caption@indent=\dimen151
\caption@parindent=\dimen152
\caption@hangindent=\dimen153
Package caption Info: Standard document class detected.
)
\c@caption@flags=\count194
\c@continuedfloat=\count195
)
\c@subfigure=\count196
\c@subtable=\count197
)
(C:\Users\alexo\AppData\Roaming\MiKTeX\tex/latex/titlesec\titlesec.sty
Package: titlesec 2021/07/05 v2.14 Sectioning titles
\ttl@box=\box50
\beforetitleunit=\skip58
\aftertitleunit=\skip59
\ttl@plus=\dimen154
\ttl@minus=\dimen155
\ttl@toksa=\toks18
\titlewidth=\dimen156
\titlewidthlast=\dimen157
\titlewidthfirst=\dimen158
)
(C:\Users\alexo\AppData\Roaming\MiKTeX\tex/latex/titlesec\titletoc.sty
Package: titletoc 2021/07/05 v2.14 TOC entries
\ttl@leftsep=\dimen159
)
(C:\Users\alexo\AppData\Roaming\MiKTeX\tex/latex/lipsum\lipsum.sty
(C:\Program Files\MiKTeX\tex/latex/l3packages/l3keys2e\l3keys2e.sty
(C:\Program Files\MiKTeX\tex/latex/l3kernel\expl3.sty
Package: expl3 2021-06-01 L3 programming layer (loader) 

(C:\Program Files\MiKTeX\tex/latex/l3backend\l3backend-pdftex.def
File: l3backend-pdftex.def 2021-05-07 L3 backend support: PDF output (pdfTeX)
\l__color_backend_stack_int=\count198
\l__pdf_internal_box=\box51
))
Package: l3keys2e 2021-06-01 LaTeX2e option processing using LaTeX3 keys
)
Package: lipsum 2021-09-20 v2.7 150 paragraphs of Lorem Ipsum dummy text
\g__lipsum_par_int=\count199
\l__lipsum_a_int=\count266
\l__lipsum_b_int=\count267

(C:\Users\alexo\AppData\Roaming\MiKTeX\tex/latex/lipsum\lipsum.ltd.tex))
(C:\Users\alexo\AppData\Roaming\MiKTeX\tex/latex/enumitem\enumitem.sty
Package: enumitem 2019/06/20 v3.9 Customized lists
\labelindent=\skip60
\enit@outerparindent=\dimen160
\enit@toks=\toks19
\enit@inbox=\box52
\enit@count@id=\count268
\enitdp@description=\count269
)
(C:\Users\alexo\AppData\Roaming\MiKTeX\tex/latex/makecell\makecell.sty
Package: makecell 2009/08/03 V0.1e Managing of Tab Column Heads and Cells

(C:\Program Files\MiKTeX\tex/latex/tools\array.sty
Package: array 2021/04/20 v2.5e Tabular extension package (FMi)
\col@sep=\dimen161
\ar@mcellbox=\box53
\extrarowheight=\dimen162
\NC@list=\toks20
\extratabsurround=\skip61
\backup@length=\skip62
\ar@cellbox=\box54
)
\rotheadsize=\dimen163
\c@nlinenum=\count270
\TeXr@lab=\toks21
)
(C:\Users\alexo\AppData\Roaming\MiKTeX\tex/latex/float\float.sty
Package: float 2001/11/08 v1.3d Float enhancements (AL)
\c@float@type=\count271
\float@exts=\toks22
\float@box=\box55
\@float@everytoks=\toks23
\@floatcapt=\box56
)
(C:\Program Files\MiKTeX\tex/latex/amsmath\amsmath.sty
Package: amsmath 2021/04/20 v2.17j AMS math features
\@mathmargin=\skip63

For additional information on amsmath, use the `?' option.
(C:\Program Files\MiKTeX\tex/latex/amsmath\amstext.sty
Package: amstext 2000/06/29 v2.01 AMS text

(C:\Program Files\MiKTeX\tex/latex/amsmath\amsgen.sty
File: amsgen.sty 1999/11/30 v2.0 generic functions
\@emptytoks=\toks24
\ex@=\dimen164
))
(C:\Program Files\MiKTeX\tex/latex/amsmath\amsbsy.sty
Package: amsbsy 1999/11/29 v1.2d Bold Symbols
\pmbraise@=\dimen165
)
(C:\Program Files\MiKTeX\tex/latex/amsmath\amsopn.sty
Package: amsopn 2016/03/08 v2.02 operator names
)
\inf@bad=\count272
LaTeX Info: Redefining \frac on input line 234.
\uproot@=\count273
\leftroot@=\count274
LaTeX Info: Redefining \overline on input line 399.
\classnum@=\count275
\DOTSCASE@=\count276
LaTeX Info: Redefining \ldots on input line 496.
LaTeX Info: Redefining \dots on input line 499.
LaTeX Info: Redefining \cdots on input line 620.
\Mathstrutbox@=\box57
\strutbox@=\box58
\big@size=\dimen166
LaTeX Font Info:    Redeclaring font encoding OML on input line 743.
LaTeX Font Info:    Redeclaring font encoding OMS on input line 744.
\macc@depth=\count277
\c@MaxMatrixCols=\count278
\dotsspace@=\muskip16
\c@parentequation=\count279
\dspbrk@lvl=\count280
\tag@help=\toks25
\row@=\count281
\column@=\count282
\maxfields@=\count283
\andhelp@=\toks26
\eqnshift@=\dimen167
\alignsep@=\dimen168
\tagshift@=\dimen169
\tagwidth@=\dimen170
\totwidth@=\dimen171
\lineht@=\dimen172
\@envbody=\toks27
\multlinegap=\skip64
\multlinetaggap=\skip65
\mathdisplay@stack=\toks28
LaTeX Info: Redefining \[ on input line 2923.
LaTeX Info: Redefining \] on input line 2924.
)
(C:\Program Files\MiKTeX\tex/latex/amsfonts\amssymb.sty
Package: amssymb 2013/01/14 v3.01 AMS font symbols

(C:\Program Files\MiKTeX\tex/latex/amsfonts\amsfonts.sty
Package: amsfonts 2013/01/14 v3.01 Basic AMSFonts support
\symAMSa=\mathgroup4
\symAMSb=\mathgroup5
LaTeX Font Info:    Redeclaring math symbol \hbar on input line 98.
LaTeX Font Info:    Overwriting math alphabet `\mathfrak' in version `bold'
(Font)                  U/euf/m/n --> U/euf/b/n on input line 106.
))
(C:\Users\alexo\AppData\Roaming\MiKTeX\tex/latex/amscls\amsthm.sty
Package: amsthm 2020/05/29 v2.20.6
\thm@style=\toks29
\thm@bodyfont=\toks30
\thm@headfont=\toks31
\thm@notefont=\toks32
\thm@headpunct=\toks33
\thm@preskip=\skip66
\thm@postskip=\skip67
\thm@headsep=\skip68
\dth@everypar=\toks34
)
(C:\Users\alexo\AppData\Roaming\MiKTeX\tex/latex/algorithms\algorithmic.sty
Package: algorithmic 2009/08/24 v0.1 Document Style `algorithmic'

(C:\Program Files\MiKTeX\tex/latex/base\ifthen.sty
Package: ifthen 2020/11/24 v1.1c Standard LaTeX ifthen package (DPC)
)
\c@ALC@unique=\count284
\c@ALC@line=\count285
\c@ALC@rem=\count286
\c@ALC@depth=\count287
\ALC@tlm=\skip69
\algorithmicindent=\skip70
)
(C:\Program Files\MiKTeX\tex/latex/graphics\graphicx.sty
Package: graphicx 2020/12/05 v1.2c Enhanced LaTeX Graphics (DPC,SPQR)

(C:\Program Files\MiKTeX\tex/latex/graphics\graphics.sty
Package: graphics 2021/03/04 v1.4d Standard LaTeX Graphics (DPC,SPQR)

(C:\Program Files\MiKTeX\tex/latex/graphics\trig.sty
Package: trig 2016/01/03 v1.10 sin cos tan (DPC)
)
(C:\Program Files\MiKTeX\tex/latex/graphics-cfg\graphics.cfg
File: graphics.cfg 2016/06/04 v1.11 sample graphics configuration
)
Package graphics Info: Driver file: pdftex.def on input line 107.

(C:\Program Files\MiKTeX\tex/latex/graphics-def\pdftex.def
File: pdftex.def 2020/10/05 v1.2a Graphics/color driver for pdftex
))
\Gin@req@height=\dimen173
\Gin@req@width=\dimen174
)
(C:\Users\alexo\AppData\Roaming\MiKTeX\tex/latex/booktabs\booktabs.sty
Package: booktabs 2020/01/12 v1.61803398 Publication quality tables
\heavyrulewidth=\dimen175
\lightrulewidth=\dimen176
\cmidrulewidth=\dimen177
\belowrulesep=\dimen178
\belowbottomsep=\dimen179
\aboverulesep=\dimen180
\abovetopsep=\dimen181
\cmidrulesep=\dimen182
\cmidrulekern=\dimen183
\defaultaddspace=\dimen184
\@cmidla=\count288
\@cmidlb=\count289
\@aboverulesep=\dimen185
\@belowrulesep=\dimen186
\@thisruleclass=\count290
\@lastruleclass=\count291
\@thisrulewidth=\dimen187
)
(C:\Users\alexo\AppData\Roaming\MiKTeX\tex/latex/multirow\multirow.sty
Package: multirow 2021/03/15 v2.8 Span multiple rows of a table
\multirow@colwidth=\skip71
\multirow@cntb=\count292
\multirow@dima=\skip72
\bigstrutjot=\dimen188
)
(C:\Users\alexo\AppData\Roaming\MiKTeX\tex/latex/tocloft\tocloft.sty
Package: tocloft 2017/08/31 v2.3i parameterised ToC, etc., typesetting
Package tocloft Info: The document has chapter divisions on input line 51.
\cftparskip=\skip73
\cftbeforetoctitleskip=\skip74
\cftaftertoctitleskip=\skip75
\cftbeforepartskip=\skip76
\cftpartnumwidth=\skip77
\cftpartindent=\skip78
\cftbeforechapskip=\skip79
\cftchapindent=\skip80
\cftchapnumwidth=\skip81
\cftbeforesecskip=\skip82
\cftsecindent=\skip83
\cftsecnumwidth=\skip84
\cftbeforesubsecskip=\skip85
\cftsubsecindent=\skip86
\cftsubsecnumwidth=\skip87
\cftbeforesubsubsecskip=\skip88
\cftsubsubsecindent=\skip89
\cftsubsubsecnumwidth=\skip90
\cftbeforeparaskip=\skip91
\cftparaindent=\skip92
\cftparanumwidth=\skip93
\cftbeforesubparaskip=\skip94
\cftsubparaindent=\skip95
\cftsubparanumwidth=\skip96
\cftbeforeloftitleskip=\skip97
\cftafterloftitleskip=\skip98
\cftbeforefigskip=\skip99
\cftfigindent=\skip100
\cftfignumwidth=\skip101
\c@lofdepth=\count293
\c@lotdepth=\count294
\cftbeforelottitleskip=\skip102
\cftafterlottitleskip=\skip103
\cftbeforetabskip=\skip104
\cfttabindent=\skip105
\cfttabnumwidth=\skip106
)
(C:\Users\alexo\AppData\Roaming\MiKTeX\tex/latex/tocbibind\tocbibind.sty
Package: tocbibind 2010/10/13 v1.5k extra ToC listings
Package tocbibind Info: The document has chapter divisions on input line 50.


Package tocbibind Note: Using chapter style headings, unless overridden.

) (C:\Users\alexo\AppData\Roaming\MiKTeX\tex/generic/soul\soul.sty
Package: soul 2003/11/17 v2.4 letterspacing/underlining (mf)
\SOUL@word=\toks35
\SOUL@lasttoken=\toks36
\SOUL@cmds=\toks37
\SOUL@buffer=\toks38
\SOUL@token=\toks39
\SOUL@spaceskip=\skip107
\SOUL@ttwidth=\dimen189
\SOUL@uldp=\dimen190
\SOUL@ulht=\dimen191
)
(C:\Program Files\MiKTeX\tex/latex/xcolor\xcolor.sty
Package: xcolor 2016/05/11 v2.12 LaTeX color extensions (UK)

(C:\Program Files\MiKTeX\tex/latex/graphics-cfg\color.cfg
File: color.cfg 2016/01/02 v1.6 sample color configuration
)
Package xcolor Info: Driver file: pdftex.def on input line 225.

(C:\Users\alexo\AppData\Roaming\MiKTeX\tex/latex/colortbl\colortbl.sty
Package: colortbl 2020/01/04 v1.0e Color table columns (DPC)
\everycr=\toks40
\minrowclearance=\skip108
)
\rownum=\count295
Package xcolor Info: Model `cmy' substituted by `cmy0' on input line 1348.
Package xcolor Info: Model `hsb' substituted by `rgb' on input line 1352.
Package xcolor Info: Model `RGB' extended on input line 1364.
Package xcolor Info: Model `HTML' substituted by `rgb' on input line 1366.
Package xcolor Info: Model `Hsb' substituted by `hsb' on input line 1367.
Package xcolor Info: Model `tHsb' substituted by `hsb' on input line 1368.
Package xcolor Info: Model `HSB' substituted by `hsb' on input line 1369.
Package xcolor Info: Model `Gray' substituted by `gray' on input line 1370.
Package xcolor Info: Model `wave' substituted by `hsb' on input line 1371.
)
(C:\Users\alexo\AppData\Roaming\MiKTeX\tex/latex/setspace\setspace.sty
Package: setspace 2011/12/19 v6.7a set line spacing
)
(C:\Program Files\MiKTeX\tex/latex/hyperref\hyperref.sty
Package: hyperref 2021-06-05 v7.00l Hypertext links for LaTeX

(C:\Users\alexo\AppData\Roaming\MiKTeX\tex/generic/ltxcmds\ltxcmds.sty
Package: ltxcmds 2020-05-10 v1.25 LaTeX kernel commands for general use (HO)
)
(C:\Program Files\MiKTeX\tex/generic/pdftexcmds\pdftexcmds.sty
Package: pdftexcmds 2020-06-27 v0.33 Utility functions of pdfTeX for LuaTeX (HO
)

(C:\Users\alexo\AppData\Roaming\MiKTeX\tex/generic/infwarerr\infwarerr.sty
Package: infwarerr 2019/12/03 v1.5 Providing info/warning/error messages (HO)
)
Package pdftexcmds Info: \pdf@primitive is available.
Package pdftexcmds Info: \pdf@ifprimitive is available.
Package pdftexcmds Info: \pdfdraftmode found.
)
(C:\Users\alexo\AppData\Roaming\MiKTeX\tex/generic/kvsetkeys\kvsetkeys.sty
Package: kvsetkeys 2019/12/15 v1.18 Key value parser (HO)
)
(C:\Users\alexo\AppData\Roaming\MiKTeX\tex/generic/kvdefinekeys\kvdefinekeys.st
y
Package: kvdefinekeys 2019-12-19 v1.6 Define keys (HO)
) (C:\Users\alexo\AppData\Roaming\MiKTeX\tex/generic/pdfescape\pdfescape.sty
Package: pdfescape 2019/12/09 v1.15 Implements pdfTeX's escape features (HO)
)
(C:\Users\alexo\AppData\Roaming\MiKTeX\tex/latex/hycolor\hycolor.sty
Package: hycolor 2020-01-27 v1.10 Color options for hyperref/bookmark (HO)
)
(C:\Users\alexo\AppData\Roaming\MiKTeX\tex/latex/letltxmacro\letltxmacro.sty
Package: letltxmacro 2019/12/03 v1.6 Let assignment for LaTeX macros (HO)
)
(C:\Users\alexo\AppData\Roaming\MiKTeX\tex/latex/auxhook\auxhook.sty
Package: auxhook 2019-12-17 v1.6 Hooks for auxiliary files (HO)
)
(C:\Users\alexo\AppData\Roaming\MiKTeX\tex/latex/kvoptions\kvoptions.sty
Package: kvoptions 2020-10-07 v3.14 Key value format for package options (HO)
)
\@linkdim=\dimen192
\Hy@linkcounter=\count296
\Hy@pagecounter=\count297

(C:\Program Files\MiKTeX\tex/latex/hyperref\pd1enc.def
File: pd1enc.def 2021-06-05 v7.00l Hyperref: PDFDocEncoding definition (HO)
Now handling font encoding PD1 ...
... no UTF-8 mapping file for font encoding PD1
)
(C:\Program Files\MiKTeX\tex/latex/hyperref\hyperref-langpatches.def
File: hyperref-langpatches.def 2021-06-05 v7.00l Hyperref: patches for babel la
nguages
)
(C:\Users\alexo\AppData\Roaming\MiKTeX\tex/generic/intcalc\intcalc.sty
Package: intcalc 2019/12/15 v1.3 Expandable calculations with integers (HO)
)
(C:\Users\alexo\AppData\Roaming\MiKTeX\tex/generic/etexcmds\etexcmds.sty
Package: etexcmds 2019/12/15 v1.7 Avoid name clashes with e-TeX commands (HO)
)
\Hy@SavedSpaceFactor=\count298

(C:\Program Files\MiKTeX\tex/latex/hyperref\puenc.def
File: puenc.def 2021-06-05 v7.00l Hyperref: PDF Unicode definition (HO)
Now handling font encoding PU ...
... no UTF-8 mapping file for font encoding PU
)
Package hyperref Info: Option `bookmarks' set `true' on input line 4073.
Package hyperref Info: Hyper figures OFF on input line 4192.
Package hyperref Info: Link nesting OFF on input line 4197.
Package hyperref Info: Hyper index ON on input line 4200.
Package hyperref Info: Plain pages OFF on input line 4207.
Package hyperref Info: Backreferencing OFF on input line 4212.
Package hyperref Info: Implicit mode ON; LaTeX internals redefined.
Package hyperref Info: Bookmarks ON on input line 4445.
\c@Hy@tempcnt=\count299

(C:\Program Files\MiKTeX\tex/latex/url\url.sty
\Urlmuskip=\muskip17
Package: url 2013/09/16  ver 3.4  Verb mode for urls, etc.
)
LaTeX Info: Redefining \url on input line 4804.
\XeTeXLinkMargin=\dimen193

(C:\Users\alexo\AppData\Roaming\MiKTeX\tex/generic/bitset\bitset.sty
Package: bitset 2019/12/09 v1.3 Handle bit-vector datatype (HO)

(C:\Users\alexo\AppData\Roaming\MiKTeX\tex/generic/bigintcalc\bigintcalc.sty
Package: bigintcalc 2019/12/15 v1.5 Expandable calculations on big integers (HO
)
))
\Fld@menulength=\count300
\Field@Width=\dimen194
\Fld@charsize=\dimen195
Package hyperref Info: Hyper figures OFF on input line 6076.
Package hyperref Info: Link nesting OFF on input line 6081.
Package hyperref Info: Hyper index ON on input line 6084.
Package hyperref Info: backreferencing OFF on input line 6091.
Package hyperref Info: Link coloring OFF on input line 6096.
Package hyperref Info: Link coloring with OCG OFF on input line 6101.
Package hyperref Info: PDF/A mode OFF on input line 6106.
LaTeX Info: Redefining \ref on input line 6146.
LaTeX Info: Redefining \pageref on input line 6150.

(C:\Program Files\MiKTeX\tex/latex/base\atbegshi-ltx.sty
Package: atbegshi-ltx 2021/01/10 v1.0c Emulation of the original atbegshi
package with kernel methods
)
\Hy@abspage=\count301
\c@Item=\count302
\c@Hfootnote=\count303
)
Package hyperref Info: Driver (autodetected): hpdftex.

(C:\Program Files\MiKTeX\tex/latex/hyperref\hpdftex.def
File: hpdftex.def 2021-06-05 v7.00l Hyperref driver for pdfTeX

(C:\Program Files\MiKTeX\tex/latex/base\atveryend-ltx.sty
Package: atveryend-ltx 2020/08/19 v1.0a Emulation of the original atvery packag
e
with kernel methods
)
\Fld@listcount=\count304
\c@bookmark@seq@number=\count305

(C:\Users\alexo\AppData\Roaming\MiKTeX\tex/latex/rerunfilecheck\rerunfilecheck.
sty
Package: rerunfilecheck 2019/12/05 v1.9 Rerun checks for auxiliary files (HO)

(C:\Users\alexo\AppData\Roaming\MiKTeX\tex/generic/uniquecounter\uniquecounter.
sty
Package: uniquecounter 2019/12/15 v1.4 Provide unlimited unique counter (HO)
)
Package uniquecounter Info: New unique counter `rerunfilecheck' on input line 2
86.
)
\Hy@SectionHShift=\skip109
) (C:\Program Files\MiKTeX\tex/latex/biblatex\biblatex.sty
Package: biblatex 2020/12/31 v3.16 programmable bibliographies (PK/MW)

(C:\Program Files\MiKTeX\tex/latex/etoolbox\etoolbox.sty
Package: etoolbox 2020/10/05 v2.5k e-TeX tools for LaTeX (JAW)
\etb@tempcnta=\count306
)
(C:\Users\alexo\AppData\Roaming\MiKTeX\tex/latex/logreq\logreq.sty
Package: logreq 2010/08/04 v1.0 xml request logger
\lrq@indent=\count307

(C:\Users\alexo\AppData\Roaming\MiKTeX\tex/latex/logreq\logreq.def
File: logreq.def 2010/08/04 v1.0 logreq spec v1.0
))
\c@tabx@nest=\count308
\c@listtotal=\count309
\c@listcount=\count310
\c@liststart=\count311
\c@liststop=\count312
\c@citecount=\count313
\c@citetotal=\count314
\c@multicitecount=\count315
\c@multicitetotal=\count316
\c@instcount=\count317
\c@maxnames=\count318
\c@minnames=\count319
\c@maxitems=\count320
\c@minitems=\count321
\c@citecounter=\count322
\c@maxcitecounter=\count323
\c@savedcitecounter=\count324
\c@uniquelist=\count325
\c@uniquename=\count326
\c@refsection=\count327
\c@refsegment=\count328
\c@maxextratitle=\count329
\c@maxextratitleyear=\count330
\c@maxextraname=\count331
\c@maxextradate=\count332
\c@maxextraalpha=\count333
\c@abbrvpenalty=\count334
\c@highnamepenalty=\count335
\c@lownamepenalty=\count336
\c@maxparens=\count337
\c@parenlevel=\count338
\blx@tempcnta=\count339
\blx@tempcntb=\count340
\blx@tempcntc=\count341
\blx@maxsection=\count342
\blx@maxsegment@0=\count343
\blx@notetype=\count344
\blx@parenlevel@text=\count345
\blx@parenlevel@foot=\count346
\blx@sectionciteorder@0=\count347
\blx@entrysetcounter=\count348
\blx@biblioinstance=\count349
\labelnumberwidth=\skip110
\labelalphawidth=\skip111
\biblabelsep=\skip112
\bibitemsep=\skip113
\bibnamesep=\skip114
\bibinitsep=\skip115
\bibparsep=\skip116
\bibhang=\skip117
\blx@bcfin=\read2
\blx@bcfout=\write3
\blx@langwohyphens=\language79
\c@mincomprange=\count350
\c@maxcomprange=\count351
\c@mincompwidth=\count352
Package biblatex Info: Trying to load biblatex default data model...
Package biblatex Info: ... file 'blx-dm.def' found.

(C:\Program Files\MiKTeX\tex/latex/biblatex\blx-dm.def
File: blx-dm.def 2020/12/31 v3.16 biblatex localization (PK/MW)
)
Package biblatex Info: Trying to load biblatex style data model...
Package biblatex Info: ... file 'numeric.dbx' not found.
Package biblatex Info: Trying to load biblatex custom data model...
Package biblatex Info: ... file 'biblatex-dm.cfg' not found.
\c@afterword=\count353
\c@savedafterword=\count354
\c@annotator=\count355
\c@savedannotator=\count356
\c@author=\count357
\c@savedauthor=\count358
\c@bookauthor=\count359
\c@savedbookauthor=\count360
\c@commentator=\count361
\c@savedcommentator=\count362
\c@editor=\count363
\c@savededitor=\count364
\c@editora=\count365
\c@savededitora=\count366
\c@editorb=\count367
\c@savededitorb=\count368
\c@editorc=\count369
\c@savededitorc=\count370
\c@foreword=\count371
\c@savedforeword=\count372
\c@holder=\count373
\c@savedholder=\count374
\c@introduction=\count375
\c@savedintroduction=\count376
\c@namea=\count377
\c@savednamea=\count378
\c@nameb=\count379
\c@savednameb=\count380
\c@namec=\count381
\c@savednamec=\count382
\c@translator=\count383
\c@savedtranslator=\count384
\c@shortauthor=\count385
\c@savedshortauthor=\count386
\c@shorteditor=\count387
\c@savedshorteditor=\count388
\c@labelname=\count389
\c@savedlabelname=\count390
\c@institution=\count391
\c@savedinstitution=\count392
\c@lista=\count393
\c@savedlista=\count394
\c@listb=\count395
\c@savedlistb=\count396
\c@listc=\count397
\c@savedlistc=\count398
\c@listd=\count399
\c@savedlistd=\count400
\c@liste=\count401
\c@savedliste=\count402
\c@listf=\count403
\c@savedlistf=\count404
\c@location=\count405
\c@savedlocation=\count406
\c@organization=\count407
\c@savedorganization=\count408
\c@origlocation=\count409
\c@savedoriglocation=\count410
\c@origpublisher=\count411
\c@savedorigpublisher=\count412
\c@publisher=\count413
\c@savedpublisher=\count414
\c@language=\count415
\c@savedlanguage=\count416
\c@origlanguage=\count417
\c@savedoriglanguage=\count418
\c@pageref=\count419
\c@savedpageref=\count420
\shorthandwidth=\skip118
\shortjournalwidth=\skip119
\shortserieswidth=\skip120
\shorttitlewidth=\skip121
\shortauthorwidth=\skip122
\shorteditorwidth=\skip123
\locallabelnumberwidth=\skip124
\locallabelalphawidth=\skip125
\localshorthandwidth=\skip126
\localshortjournalwidth=\skip127
\localshortserieswidth=\skip128
\localshorttitlewidth=\skip129
\localshortauthorwidth=\skip130
\localshorteditorwidth=\skip131
Package biblatex Info: Trying to load compatibility code...
Package biblatex Info: ... file 'blx-compat.def' found.

(C:\Program Files\MiKTeX\tex/latex/biblatex\blx-compat.def
File: blx-compat.def 2020/12/31 v3.16 biblatex compatibility (PK/MW)
)
Package biblatex Info: Trying to load BibTeX backend compatibility...
Package biblatex Info: ... file 'blx-bibtex.def' found.

(C:\Program Files\MiKTeX\tex/latex/biblatex\blx-bibtex.def
File: blx-bibtex.def 2020/12/31 v3.16 biblatex compatibility (PK/MW)


Package biblatex Warning: Using fall-back BibTeX(8) backend:
(biblatex)                functionality may be reduced/unavailable.

)
Package biblatex Info: Trying to load generic definitions...
Package biblatex Info: ... file 'biblatex.def' found.
 (C:\Program Files\MiKTeX\tex/latex/biblatex\biblatex.def
File: biblatex.def 2020/12/31 v3.16 biblatex compatibility (PK/MW)
\c@textcitecount=\count421
\c@textcitetotal=\count422
\c@textcitemaxnames=\count423
\c@biburlbigbreakpenalty=\count424
\c@biburlbreakpenalty=\count425
\c@biburlnumpenalty=\count426
\c@biburlucpenalty=\count427
\c@biburllcpenalty=\count428
\biburlbigskip=\muskip18
\biburlnumskip=\muskip19
\biburlucskip=\muskip20
\biburllcskip=\muskip21
\c@smartand=\count429
)
Package biblatex Info: Trying to load bibliography style 'numeric'...
Package biblatex Info: ... file 'numeric.bbx' found.

(C:\Program Files\MiKTeX\tex/latex/biblatex/bbx\numeric.bbx
File: numeric.bbx 2020/12/31 v3.16 biblatex bibliography style (PK/MW)
Package biblatex Info: Trying to load bibliography style 'standard'...
Package biblatex Info: ... file 'standard.bbx' found.

(C:\Program Files\MiKTeX\tex/latex/biblatex/bbx\standard.bbx
File: standard.bbx 2020/12/31 v3.16 biblatex bibliography style (PK/MW)
\c@bbx:relatedcount=\count430
\c@bbx:relatedtotal=\count431
))
Package biblatex Info: Trying to load citation style 'numeric'...
Package biblatex Info: ... file 'numeric.cbx' found.

(C:\Program Files\MiKTeX\tex/latex/biblatex/cbx\numeric.cbx
File: numeric.cbx 2020/12/31 v3.16 biblatex citation style (PK/MW)
Package biblatex Info: Redefining '\cite'.
Package biblatex Info: Redefining '\parencite'.
Package biblatex Info: Redefining '\footcite'.
Package biblatex Info: Redefining '\footcitetext'.
Package biblatex Info: Redefining '\smartcite'.
Package biblatex Info: Redefining '\supercite'.
Package biblatex Info: Redefining '\textcite'.
Package biblatex Info: Redefining '\textcites'.
Package biblatex Info: Redefining '\cites'.
Package biblatex Info: Redefining '\parencites'.
Package biblatex Info: Redefining '\smartcites'.
)
Package biblatex Info: Trying to load configuration file...
Package biblatex Info: ... file 'biblatex.cfg' found.

(C:\Program Files\MiKTeX\tex/latex/biblatex\biblatex.cfg
File: biblatex.cfg 
))
(C:\Program Files\MiKTeX\tex/latex/base\inputenc.sty
Package: inputenc 2021/02/14 v1.3d Input encoding file
\inpenc@prehook=\toks41
\inpenc@posthook=\toks42
)
(C:\Users\alexo\AppData\Roaming\MiKTeX\tex/latex/appendix\appendix.sty
Package: appendix 2020/02/08 v1.2c extra appendix facilities
\c@@pps=\count432
\c@@ppsavesec=\count433
\c@@ppsaveapp=\count434
)
(C:\Program Files\MiKTeX\tex/latex/listings\listings.sty
\lst@mode=\count435
\lst@gtempboxa=\box59
\lst@token=\toks43
\lst@length=\count436
\lst@currlwidth=\dimen196
\lst@column=\count437
\lst@pos=\count438
\lst@lostspace=\dimen197
\lst@width=\dimen198
\lst@newlines=\count439
\lst@lineno=\count440
\lst@maxwidth=\dimen199

(C:\Program Files\MiKTeX\tex/latex/listings\lstmisc.sty
File: lstmisc.sty 2020/03/24 1.8d (Carsten Heinz)
\c@lstnumber=\count441
\lst@skipnumbers=\count442
\lst@framebox=\box60
)
(C:\Program Files\MiKTeX\tex/latex/listings\listings.cfg
File: listings.cfg 2020/03/24 1.8d listings configuration
))
Package: listings 2020/03/24 1.8d (Carsten Heinz)

(C:\Program Files\MiKTeX\tex/latex/tools\bm.sty
Package: bm 2021/04/25 v1.2e Bold Symbol Support (DPC/FMi)
\symboldoperators=\mathgroup6
\symboldletters=\mathgroup7
\symboldsymbols=\mathgroup8
Package bm Info: No bold for \OMX/cmex/m/n, using \pmb.
Package bm Info: No bold for \U/msa/m/n, using \pmb.
Package bm Info: No bold for \U/msb/m/n, using \pmb.
LaTeX Font Info:    Redeclaring math alphabet \mathbf on input line 149.
)
(C:\Users\alexo\AppData\Roaming\MiKTeX\tex/latex/lineno\lineno.sty
Package: lineno 2005/11/02 line numbers on paragraphs v4.41
\linenopenalty=\count443
\output=\toks44
\linenoprevgraf=\count444
\linenumbersep=\dimen256
\linenumberwidth=\dimen257
\c@linenumber=\count445
\c@pagewiselinenumber=\count446
\c@LN@truepage=\count447
\c@internallinenumber=\count448
\c@internallinenumbers=\count449
\quotelinenumbersep=\dimen258
\bframerule=\dimen259
\bframesep=\dimen260
\bframebox=\box61
LaTeX Info: Redefining \\ on input line 3056.
)
\@quotelevel=\count450
\@quotereset=\count451
 (main.aux)
\openout1 = `main.aux'.

LaTeX Font Info:    Checking defaults for OML/cmm/m/it on input line 57.
LaTeX Font Info:    ... okay on input line 57.
LaTeX Font Info:    Checking defaults for OMS/cmsy/m/n on input line 57.
LaTeX Font Info:    ... okay on input line 57.
LaTeX Font Info:    Checking defaults for OT1/cmr/m/n on input line 57.
LaTeX Font Info:    ... okay on input line 57.
LaTeX Font Info:    Checking defaults for T1/cmr/m/n on input line 57.
LaTeX Font Info:    ... okay on input line 57.
LaTeX Font Info:    Checking defaults for TS1/cmr/m/n on input line 57.
LaTeX Font Info:    ... okay on input line 57.
LaTeX Font Info:    Checking defaults for OMX/cmex/m/n on input line 57.
LaTeX Font Info:    ... okay on input line 57.
LaTeX Font Info:    Checking defaults for U/cmr/m/n on input line 57.
LaTeX Font Info:    ... okay on input line 57.
LaTeX Font Info:    Checking defaults for PD1/pdf/m/n on input line 57.
LaTeX Font Info:    ... okay on input line 57.
LaTeX Font Info:    Checking defaults for PU/pdf/m/n on input line 57.
LaTeX Font Info:    ... okay on input line 57.

*geometry* driver: auto-detecting
*geometry* detected driver: pdftex
*geometry* verbose mode - [ preamble ] result:
* driver: pdftex
* paper: letterpaper
* layout: <same size as paper>
* layoutoffset:(h,v)=(0.0pt,0.0pt)
* modes: 
* h-part:(L,W,R)=(72.26999pt, 469.75502pt, 72.26999pt)
* v-part:(T,H,B)=(72.26999pt, 650.43001pt, 72.26999pt)
* \paperwidth=614.295pt
* \paperheight=794.96999pt
* \textwidth=469.75502pt
* \textheight=650.43001pt
* \oddsidemargin=0.0pt
* \evensidemargin=0.0pt
* \topmargin=-31.8738pt
* \headheight=12.0pt
* \headsep=19.8738pt
* \topskip=12.0pt
* \footskip=30.0pt
* \marginparwidth=47.0pt
* \marginparsep=7.0pt
* \columnsep=10.0pt
* \skip\footins=10.8pt plus 4.0pt minus 2.0pt
* \hoffset=0.0pt
* \voffset=0.0pt
* \mag=1000
* \@twocolumnfalse
* \@twosidefalse
* \@mparswitchfalse
* \@reversemarginfalse
* (1in=72.27pt=25.4mm, 1cm=28.453pt)

Package caption Info: Begin \AtBeginDocument code.
Package caption Info: float package is loaded.
Package caption Info: hyperref package is loaded.
Package caption Info: listings package is loaded.
Package caption Info: End \AtBeginDocument code.
(C:\Program Files\MiKTeX\tex/context/base/mkii\supp-pdf.mkii
[Loading MPS to PDF converter (version 2006.09.02).]
\scratchcounter=\count452
\scratchdimen=\dimen261
\scratchbox=\box62
\nofMPsegments=\count453
\nofMParguments=\count454
\everyMPshowfont=\toks45
\MPscratchCnt=\count455
\MPscratchDim=\dimen262
\MPnumerator=\count456
\makeMPintoPDFobject=\count457
\everyMPtoPDFconversion=\toks46
) (C:\Program Files\MiKTeX\tex/latex/epstopdf-pkg\epstopdf-base.sty
Package: epstopdf-base 2020-01-24 v2.11 Base part for package epstopdf
Package epstopdf-base Info: Redefining graphics rule for `.eps' on input line 4
85.

(C:\Program Files\MiKTeX\tex/latex/00miktex\epstopdf-sys.cfg
File: epstopdf-sys.cfg 2021/03/18 v2.0 Configuration of epstopdf for MiKTeX
))
Package hyperref Info: Link coloring OFF on input line 57.

(C:\Program Files\MiKTeX\tex/latex/hyperref\nameref.sty
Package: nameref 2021-04-02 v2.47 Cross-referencing by name of section

(C:\Users\alexo\AppData\Roaming\MiKTeX\tex/latex/refcount\refcount.sty
Package: refcount 2019/12/15 v3.6 Data extraction from label references (HO)
)
(C:\Users\alexo\AppData\Roaming\MiKTeX\tex/generic/gettitlestring\gettitlestrin
g.sty
Package: gettitlestring 2019/12/15 v1.6 Cleanup title references (HO)
)
\c@section@level=\count458
)
LaTeX Info: Redefining \ref on input line 57.
LaTeX Info: Redefining \pageref on input line 57.
LaTeX Info: Redefining \nameref on input line 57.
 (main.out) (main.out)
\@outlinefile=\write4
\openout4 = `main.out'.

Package biblatex Info: Trying to load language 'english'...
Package biblatex Info: ... file 'english.lbx' found.

(C:\Program Files\MiKTeX\tex/latex/biblatex/lbx\english.lbx
File: english.lbx 2020/12/31 v3.16 biblatex localization (PK/MW)
)
Package biblatex Info: Input encoding 'utf8' detected.
Package biblatex Info: Automatic encoding selection.
(biblatex)             Assuming data encoding 'utf8'.
Package biblatex Info: Input encoding 'utf8' specified.
Package biblatex Info: Data encoding 'utf8' specified.
(biblatex)             No need to reencode data.
Package biblatex Info: Document encoding is UTF8 ....
Package biblatex Info: ... and expl3
(biblatex)             2021-06-01 L3 programming layer (loader) 
(biblatex)             is new enough (at least 2020/04/06),
(biblatex)             setting 'casechanger=expl3'.

(C:\Program Files\MiKTeX\tex/latex/biblatex\blx-case-expl3.sty
(C:\Program Files\MiKTeX\tex/latex/l3packages/xparse\xparse.sty
Package: xparse 2021-06-01 L3 Experimental document command parser
)
Package: blx-case-expl3 2020/12/31 v3.16 expl3 case changing code for biblatex
)
\openout3 = `main-blx.bib'.

Package biblatex Info: Trying to load bibliographic data...
Package biblatex Info: ... file 'main.bbl' found.
 (main.bbl

Package biblatex Warning: BibTeX reported the following issues
(biblatex)                with 'cern2020lhcb':
(biblatex)                - Invalid format of field 'month'.


Package biblatex Warning: BibTeX reported the following issues
(biblatex)                with 'oneill_2015':
(biblatex)                - Invalid format of field 'month'.


Package biblatex Warning: BibTeX reported the following issues
(biblatex)                with 'cern_document_server_2012':
(biblatex)                - Invalid format of field 'month'.


Package biblatex Warning: BibTeX reported the following issues
(biblatex)                with 'restrepo2019udea':
(biblatex)                - Invalid format of field 'month'.


Package biblatex Warning: BibTeX reported the following issues
(biblatex)                with 'cern2020ls2':
(biblatex)                - Invalid format of field 'month'.


Package biblatex Warning: BibTeX reported the following issues
(biblatex)                with 'dorigo_2014':
(biblatex)                - Invalid format of field 'month'.

)
Package biblatex Info: Reference section=0 on input line 57.
Package biblatex Info: Reference segment=0 on input line 57.
\c@lstlisting=\count459
 (Additional/TitlePage.tex
LaTeX Font Info:    Trying to load font information for U+msa on input line 22.

 (C:\Program Files\MiKTeX\tex/latex/amsfonts\umsa.fd
File: umsa.fd 2013/01/14 v3.01 AMS symbols A
)
LaTeX Font Info:    Trying to load font information for U+msb on input line 22.

 (C:\Program Files\MiKTeX\tex/latex/amsfonts\umsb.fd
File: umsb.fd 2013/01/14 v3.01 AMS symbols B
) [1


{C:/Users/alexo/AppData/Local/MiKTeX/pdftex/config/pdftex.map}]) (Additional/Co
pyright.tex)
(Additional/Dedication.tex [2

]) (Additional/Acknowledgements.tex [3

]) [4

]
(main.toc
Overfull \hbox (49.98624pt too wide) detected at line 15
\OT1/cmr/bx/n/12 Chapter 1: 
 []


Overfull \hbox (49.98624pt too wide) detected at line 25
\OT1/cmr/bx/n/12 Chapter 2: 
 []

[5

]
Overfull \hbox (49.98624pt too wide) detected at line 41
\OT1/cmr/bx/n/12 Chapter 3: 
 []


Overfull \hbox (49.98624pt too wide) detected at line 57
\OT1/cmr/bx/n/12 Chapter 4: 
 []


Overfull \hbox (49.98624pt too wide) detected at line 67
\OT1/cmr/bx/n/12 Chapter 5: 
 []


Overfull \hbox (49.98624pt too wide) detected at line 83
\OT1/cmr/bx/n/12 Chapter 6: 
 []


Package fancyhdr Warning: \headheight is too small (12.0pt): 
(fancyhdr)                Make it at least 14.49998pt, for example:
(fancyhdr)                \setlength{\headheight}{14.49998pt}.
(fancyhdr)                You might also make \topmargin smaller to compensate:

(fancyhdr)                \addtolength{\topmargin}{-2.49998pt}.

[6])
\tf@toc=\write5
\openout5 = `main.toc'.



Package fancyhdr Warning: \headheight is too small (12.0pt): 
(fancyhdr)                Make it at least 14.49998pt, for example:
(fancyhdr)                \setlength{\headheight}{14.49998pt}.
(fancyhdr)                You might also make \topmargin smaller to compensate:

(fancyhdr)                \addtolength{\topmargin}{-2.49998pt}.

[7] (main.lot)
\tf@lot=\write6
\openout6 = `main.lot'.

 [8

] (main.lof [9

])
\tf@lof=\write7
\openout7 = `main.lof'.



Package fancyhdr Warning: \headheight is too small (12.0pt): 
(fancyhdr)                Make it at least 14.49998pt, for example:
(fancyhdr)                \setlength{\headheight}{14.49998pt}.
(fancyhdr)                You might also make \topmargin smaller to compensate:

(fancyhdr)                \addtolength{\topmargin}{-2.49998pt}.

[10] (Additional/Abstract.texpdfTeX warning (ext4): destination with the same i
dentifier (name{page.1}) has been already used, duplicate ignored
<to be read again> 
                   \relax 
l.15 \cleardoublepage
                      [1


]) [2


] (Additional/Introduction.tex) [3


]

Package fancyhdr Warning: \headheight is too small (12.0pt): 
(fancyhdr)                Make it at least 14.49998pt, for example:
(fancyhdr)                \setlength{\headheight}{14.49998pt}.
(fancyhdr)                You might also make \topmargin smaller to compensate:

(fancyhdr)                \addtolength{\topmargin}{-2.49998pt}.

[4] (MainContent/Chapter1.tex
Chapter 1.

Package hyperref Warning: Token not allowed in a PDF string (Unicode):
(hyperref)                removing `\newline' on input line 1.


Overfull \hbox (0.45401pt too wide) in paragraph at lines 1--1
\OT1/cmr/bx/n/24.88 The Stan-dard Model of par-ti-cle physics| 
 []

[5


]
Package epstopdf Info: Source file: <MainContent/Figs/SM.eps>
(epstopdf)                    date: 2021-11-09 17:24:51
(epstopdf)                    size: 1624361 bytes
(epstopdf)             Output file: <MainContent/Figs/SM-eps-converted-to.pdf>
(epstopdf)                    date: 2021-11-21 20:17:39
(epstopdf)                    size: 1503681 bytes
(epstopdf)             Command: <miktex-epstopdf --outfile=MainContent/Figs/SM-
eps-converted-to.pdf MainContent/Figs/SM.eps>
(epstopdf)             \includegraphics on input line 12.
Package epstopdf Info: Output file is already uptodate.


pdfTeX warning: pdflatex.exe (file ./MainContent/Figs/SM-eps-converted-to.pdf):
 PDF inclusion: found PDF version <1.7>, but at most version <1.5> allowed
<MainContent/Figs/SM-eps-converted-to.pdf, id=390, 1210.5225pt x 927.465pt>
File: MainContent/Figs/SM-eps-converted-to.pdf Graphic file (type pdf)
<use MainContent/Figs/SM-eps-converted-to.pdf>
Package pdftex.def Info: MainContent/Figs/SM-eps-converted-to.pdf  used on inpu
t line 12.
(pdftex.def)             Requested size: 411.5722pt x 315.33392pt.

Package fancyhdr Warning: \headheight is too small (12.0pt): 
(fancyhdr)                Make it at least 18.85004pt, for example:
(fancyhdr)                \setlength{\headheight}{18.85004pt}.
(fancyhdr)                You might also make \topmargin smaller to compensate:

(fancyhdr)                \addtolength{\topmargin}{-6.85004pt}.

[6 <./MainContent/Figs/SM-eps-converted-to.pdf>]

Package fancyhdr Warning: \headheight is too small (12.0pt): 
(fancyhdr)                Make it at least 18.85004pt, for example:
(fancyhdr)                \setlength{\headheight}{18.85004pt}.
(fancyhdr)                You might also make \topmargin smaller to compensate:

(fancyhdr)                \addtolength{\topmargin}{-6.85004pt}.

[7]
<MainContent/Figs/QGP.png, id=430, 1023.825pt x 672.5125pt>
File: MainContent/Figs/QGP.png Graphic file (type png)
<use MainContent/Figs/QGP.png>
Package pdftex.def Info: MainContent/Figs/QGP.png  used on input line 31.
(pdftex.def)             Requested size: 348.09589pt x 228.65121pt.


Package fancyhdr Warning: \headheight is too small (12.0pt): 
(fancyhdr)                Make it at least 18.85004pt, for example:
(fancyhdr)                \setlength{\headheight}{18.85004pt}.
(fancyhdr)                You might also make \topmargin smaller to compensate:

(fancyhdr)                \addtolength{\topmargin}{-6.85004pt}.

[8 <./MainContent/Figs/QGP.png>]

Package hyperref Warning: Token not allowed in a PDF string (Unicode):
(hyperref)                removing `math shift' on input line 35.


Package hyperref Warning: Token not allowed in a PDF string (Unicode):
(hyperref)                removing `superscript' on input line 35.


Package hyperref Warning: Token not allowed in a PDF string (Unicode):
(hyperref)                removing `subscript' on input line 35.


Package hyperref Warning: Token not allowed in a PDF string (Unicode):
(hyperref)                removing `math shift' on input line 35.


Package hyperref Warning: Token not allowed in a PDF string (Unicode):
(hyperref)                removing `math shift' on input line 39.


Package hyperref Warning: Token not allowed in a PDF string (Unicode):
(hyperref)                removing `superscript' on input line 39.


Package hyperref Warning: Token not allowed in a PDF string (Unicode):
(hyperref)                removing `subscript' on input line 39.


Package hyperref Warning: Token not allowed in a PDF string (Unicode):
(hyperref)                removing `\to' on input line 39.


Package hyperref Warning: Token not allowed in a PDF string (Unicode):
(hyperref)                removing `\psi' on input line 39.


Package hyperref Warning: Token not allowed in a PDF string (Unicode):
(hyperref)                removing `\phi' on input line 39.


Package hyperref Warning: Token not allowed in a PDF string (Unicode):
(hyperref)                removing `math shift' on input line 39.

) (MainContent/Chapter2.tex

Package fancyhdr Warning: \headheight is too small (12.0pt): 
(fancyhdr)                Make it at least 18.85004pt, for example:
(fancyhdr)                \setlength{\headheight}{18.85004pt}.
(fancyhdr)                You might also make \topmargin smaller to compensate:

(fancyhdr)                \addtolength{\topmargin}{-6.85004pt}.

[9]
Chapter 2.

Package hyperref Warning: Token not allowed in a PDF string (Unicode):
(hyperref)                removing `\newline' on input line 1.

[10

]
<MainContent/Figs/LHC.png, id=478, 1284.8pt x 905.3825pt>
File: MainContent/Figs/LHC.png Graphic file (type png)
<use MainContent/Figs/LHC.png>
Package pdftex.def Info: MainContent/Figs/LHC.png  used on input line 17.
(pdftex.def)             Requested size: 385.44298pt x 271.61684pt.


Package fancyhdr Warning: \headheight is too small (12.0pt): 
(fancyhdr)                Make it at least 18.85004pt, for example:
(fancyhdr)                \setlength{\headheight}{18.85004pt}.
(fancyhdr)                You might also make \topmargin smaller to compensate:

(fancyhdr)                \addtolength{\topmargin}{-6.85004pt}.

[11 <./MainContent/Figs/LHC.png>]
<MainContent/Figs/cms_structure.png, id=492, 2392.43813pt x 1690.06406pt>
File: MainContent/Figs/cms_structure.png Graphic file (type png)
<use MainContent/Figs/cms_structure.png>
Package pdftex.def Info: MainContent/Figs/cms_structure.png  used on input line
 30.
(pdftex.def)             Requested size: 478.47916pt x 338.00682pt.

Overfull \hbox (8.72414pt too wide) in paragraph at lines 30--31
 [][] 
 []


Package fancyhdr Warning: \headheight is too small (12.0pt): 
(fancyhdr)                Make it at least 18.85004pt, for example:
(fancyhdr)                \setlength{\headheight}{18.85004pt}.
(fancyhdr)                You might also make \topmargin smaller to compensate:

(fancyhdr)                \addtolength{\topmargin}{-6.85004pt}.

[12 <./MainContent/Figs/cms_structure.png>]
<MainContent/Figs/cms_coordinate_system.png, id=506, 260.4129pt x 127.9179pt>
File: MainContent/Figs/cms_coordinate_system.png Graphic file (type png)
<use MainContent/Figs/cms_coordinate_system.png>
Package pdftex.def Info: MainContent/Figs/cms_coordinate_system.png  used on in
put line 44.
(pdftex.def)             Requested size: 260.41225pt x 127.91757pt.


Package fancyhdr Warning: \headheight is too small (12.0pt): 
(fancyhdr)                Make it at least 18.85004pt, for example:
(fancyhdr)                \setlength{\headheight}{18.85004pt}.
(fancyhdr)                You might also make \topmargin smaller to compensate:

(fancyhdr)                \addtolength{\topmargin}{-6.85004pt}.

[13 <./MainContent/Figs/cms_coordinate_system.png>]

Package fancyhdr Warning: \headheight is too small (12.0pt): 
(fancyhdr)                Make it at least 18.85004pt, for example:
(fancyhdr)                \setlength{\headheight}{18.85004pt}.
(fancyhdr)                You might also make \topmargin smaller to compensate:

(fancyhdr)                \addtolength{\topmargin}{-6.85004pt}.

[14]

Package fancyhdr Warning: \headheight is too small (12.0pt): 
(fancyhdr)                Make it at least 18.85004pt, for example:
(fancyhdr)                \setlength{\headheight}{18.85004pt}.
(fancyhdr)                You might also make \topmargin smaller to compensate:

(fancyhdr)                \addtolength{\topmargin}{-6.85004pt}.

[15]

Package fancyhdr Warning: \headheight is too small (12.0pt): 
(fancyhdr)                Make it at least 18.85004pt, for example:
(fancyhdr)                \setlength{\headheight}{18.85004pt}.
(fancyhdr)                You might also make \topmargin smaller to compensate:

(fancyhdr)                \addtolength{\topmargin}{-6.85004pt}.

[16]) (MainContent/Chapter3.tex

Package fancyhdr Warning: \headheight is too small (12.0pt): 
(fancyhdr)                Make it at least 18.85004pt, for example:
(fancyhdr)                \setlength{\headheight}{18.85004pt}.
(fancyhdr)                You might also make \topmargin smaller to compensate:

(fancyhdr)                \addtolength{\topmargin}{-6.85004pt}.

[17]
Chapter 3.

Package hyperref Warning: Token not allowed in a PDF string (Unicode):
(hyperref)                removing `\newline' on input line 1.


Package hyperref Warning: Token not allowed in a PDF string (Unicode):
(hyperref)                removing `math shift' on input line 1.


Package hyperref Warning: Token not allowed in a PDF string (Unicode):
(hyperref)                removing `superscript' on input line 1.


Package hyperref Warning: Token not allowed in a PDF string (Unicode):
(hyperref)                removing `subscript' on input line 1.


Package hyperref Warning: Token not allowed in a PDF string (Unicode):
(hyperref)                removing `math shift' on input line 1.


Overfull \hbox (7.32056pt too wide) in paragraph at lines 5--6
\OT1/cmr/m/n/12 The of-fi-cial dataset used for anal-y-sis was the [][]\OT1/cmt
t/m/n/12 /PADoubleMuon/PARun2016C-PromptReco-v1/AO
 []

[18

]

Package hyperref Warning: Token not allowed in a PDF string (Unicode):
(hyperref)                removing `math shift' on input line 12.


Package hyperref Warning: Token not allowed in a PDF string (Unicode):
(hyperref)                removing `\psi' on input line 12.


Package hyperref Warning: Token not allowed in a PDF string (Unicode):
(hyperref)                removing `math shift' on input line 12.


Package hyperref Warning: Token not allowed in a PDF string (Unicode):
(hyperref)                removing `math shift' on input line 24.


Package hyperref Warning: Token not allowed in a PDF string (Unicode):
(hyperref)                removing `\phi' on input line 24.


Package hyperref Warning: Token not allowed in a PDF string (Unicode):
(hyperref)                removing `math shift' on input line 24.


Package fancyhdr Warning: \headheight is too small (12.0pt): 
(fancyhdr)                Make it at least 14.49998pt, for example:
(fancyhdr)                \setlength{\headheight}{14.49998pt}.
(fancyhdr)                You might also make \topmargin smaller to compensate:

(fancyhdr)                \addtolength{\topmargin}{-2.49998pt}.

[19]

Package hyperref Warning: Token not allowed in a PDF string (Unicode):
(hyperref)                removing `math shift' on input line 26.


Package hyperref Warning: Token not allowed in a PDF string (Unicode):
(hyperref)                removing `subscript' on input line 26.


Package hyperref Warning: Token not allowed in a PDF string (Unicode):
(hyperref)                removing `superscript' on input line 26.


Package hyperref Warning: Token not allowed in a PDF string (Unicode):
(hyperref)                removing `math shift' on input line 26.


Package fancyhdr Warning: \headheight is too small (12.0pt): 
(fancyhdr)                Make it at least 14.49998pt, for example:
(fancyhdr)                \setlength{\headheight}{14.49998pt}.
(fancyhdr)                You might also make \topmargin smaller to compensate:

(fancyhdr)                \addtolength{\topmargin}{-2.49998pt}.

[20])

Package fancyhdr Warning: \headheight is too small (12.0pt): 
(fancyhdr)                Make it at least 14.49998pt, for example:
(fancyhdr)                \setlength{\headheight}{14.49998pt}.
(fancyhdr)                You might also make \topmargin smaller to compensate:

(fancyhdr)                \addtolength{\topmargin}{-2.49998pt}.

[21] (MainContent/Chapter4.tex

Package fancyhdr Warning: \headheight is too small (12.0pt): 
(fancyhdr)                Make it at least 14.49998pt, for example:
(fancyhdr)                \setlength{\headheight}{14.49998pt}.
(fancyhdr)                You might also make \topmargin smaller to compensate:

(fancyhdr)                \addtolength{\topmargin}{-2.49998pt}.

[22]
Chapter 4.

Package hyperref Warning: Token not allowed in a PDF string (Unicode):
(hyperref)                removing `\newline' on input line 1.


Package hyperref Warning: Token not allowed in a PDF string (Unicode):
(hyperref)                removing `math shift' on input line 1.


Package hyperref Warning: Token not allowed in a PDF string (Unicode):
(hyperref)                removing `superscript' on input line 1.


Package hyperref Warning: Token not allowed in a PDF string (Unicode):
(hyperref)                removing `subscript' on input line 1.


Package hyperref Warning: Token not allowed in a PDF string (Unicode):
(hyperref)                removing `math shift' on input line 1.

[23

]

Package fancyhdr Warning: \headheight is too small (12.0pt): 
(fancyhdr)                Make it at least 14.49998pt, for example:
(fancyhdr)                \setlength{\headheight}{14.49998pt}.
(fancyhdr)                You might also make \topmargin smaller to compensate:

(fancyhdr)                \addtolength{\topmargin}{-2.49998pt}.

[24]

Package fancyhdr Warning: \headheight is too small (12.0pt): 
(fancyhdr)                Make it at least 14.49998pt, for example:
(fancyhdr)                \setlength{\headheight}{14.49998pt}.
(fancyhdr)                You might also make \topmargin smaller to compensate:

(fancyhdr)                \addtolength{\topmargin}{-2.49998pt}.

[25]

Package hyperref Warning: Token not allowed in a PDF string (Unicode):
(hyperref)                removing `math shift' on input line 87.


Package hyperref Warning: Token not allowed in a PDF string (Unicode):
(hyperref)                removing `subscript' on input line 87.


Package hyperref Warning: Token not allowed in a PDF string (Unicode):
(hyperref)                removing `math shift' on input line 87.


Package hyperref Warning: Token not allowed in a PDF string (Unicode):
(hyperref)                removing `math shift' on input line 87.


Package hyperref Warning: Token not allowed in a PDF string (Unicode):
(hyperref)                removing `math shift' on input line 87.


Package fancyhdr Warning: \headheight is too small (12.0pt): 
(fancyhdr)                Make it at least 14.49998pt, for example:
(fancyhdr)                \setlength{\headheight}{14.49998pt}.
(fancyhdr)                You might also make \topmargin smaller to compensate:

(fancyhdr)                \addtolength{\topmargin}{-2.49998pt}.

[26]
<MainContent/Figs/mass/mass_BsFitMC_best1_ptbins_7_10.PDF, id=673, 569.12625pt 
x 408.52625pt>
File: MainContent/Figs/mass/mass_BsFitMC_best1_ptbins_7_10.PDF Graphic file (ty
pe pdf)
<use MainContent/Figs/mass/mass_BsFitMC_best1_ptbins_7_10.PDF>
Package pdftex.def Info: MainContent/Figs/mass/mass_BsFitMC_best1_ptbins_7_10.P
DF  used on input line 116.
(pdftex.def)             Requested size: 223.13649pt x 160.17236pt.
<MainContent/Figs/mass/mass_BsFitMC_best1_ptbins_10_15.PDF, id=674, 569.12625pt
 x 408.52625pt>
File: MainContent/Figs/mass/mass_BsFitMC_best1_ptbins_10_15.PDF Graphic file (t
ype pdf)
<use MainContent/Figs/mass/mass_BsFitMC_best1_ptbins_10_15.PDF>
Package pdftex.def Info: MainContent/Figs/mass/mass_BsFitMC_best1_ptbins_10_15.
PDF  used on input line 122.
(pdftex.def)             Requested size: 223.13649pt x 160.17236pt.
<MainContent/Figs/mass/mass_BsFitMC_best1_ptbins_15_20.PDF, id=675, 569.12625pt
 x 408.52625pt>
File: MainContent/Figs/mass/mass_BsFitMC_best1_ptbins_15_20.PDF Graphic file (t
ype pdf)
<use MainContent/Figs/mass/mass_BsFitMC_best1_ptbins_15_20.PDF>
Package pdftex.def Info: MainContent/Figs/mass/mass_BsFitMC_best1_ptbins_15_20.
PDF  used on input line 128.
(pdftex.def)             Requested size: 223.13649pt x 160.17236pt.
<MainContent/Figs/mass/mass_BsFitMC_best1_ptbins_20_50.PDF, id=676, 569.12625pt
 x 408.52625pt>
File: MainContent/Figs/mass/mass_BsFitMC_best1_ptbins_20_50.PDF Graphic file (t
ype pdf)
<use MainContent/Figs/mass/mass_BsFitMC_best1_ptbins_20_50.PDF>
Package pdftex.def Info: MainContent/Figs/mass/mass_BsFitMC_best1_ptbins_20_50.
PDF  used on input line 134.
(pdftex.def)             Requested size: 223.13649pt x 160.17236pt.
<MainContent/Figs/mass/mass_BsFit_ptbins_7_10.PDF, id=677, 569.12625pt x 408.52
625pt>
File: MainContent/Figs/mass/mass_BsFit_ptbins_7_10.PDF Graphic file (type pdf)
<use MainContent/Figs/mass/mass_BsFit_ptbins_7_10.PDF>
Package pdftex.def Info: MainContent/Figs/mass/mass_BsFit_ptbins_7_10.PDF  used
 on input line 148.
(pdftex.def)             Requested size: 223.13649pt x 160.17236pt.
<MainContent/Figs/mass/mass_BsFit_ptbins_10_15.PDF, id=678, 569.12625pt x 408.5
2625pt>
File: MainContent/Figs/mass/mass_BsFit_ptbins_10_15.PDF Graphic file (type pdf)

<use MainContent/Figs/mass/mass_BsFit_ptbins_10_15.PDF>
Package pdftex.def Info: MainContent/Figs/mass/mass_BsFit_ptbins_10_15.PDF  use
d on input line 154.
(pdftex.def)             Requested size: 223.13649pt x 160.17236pt.
<MainContent/Figs/mass/mass_BsFit_ptbins_15_20.PDF, id=679, 569.12625pt x 408.5
2625pt>
File: MainContent/Figs/mass/mass_BsFit_ptbins_15_20.PDF Graphic file (type pdf)

<use MainContent/Figs/mass/mass_BsFit_ptbins_15_20.PDF>
Package pdftex.def Info: MainContent/Figs/mass/mass_BsFit_ptbins_15_20.PDF  use
d on input line 160.
(pdftex.def)             Requested size: 223.13649pt x 160.17236pt.
<MainContent/Figs/mass/mass_BsFit_ptbins_20_50.PDF, id=680, 569.12625pt x 408.5
2625pt>
File: MainContent/Figs/mass/mass_BsFit_ptbins_20_50.PDF Graphic file (type pdf)

<use MainContent/Figs/mass/mass_BsFit_ptbins_20_50.PDF>
Package pdftex.def Info: MainContent/Figs/mass/mass_BsFit_ptbins_20_50.PDF  use
d on input line 166.
(pdftex.def)             Requested size: 223.13649pt x 160.17236pt.
<MainContent/Figs/mass/mass_BsFitMC_best1_ybins_0.0_0.5.PDF, id=684, 569.12625p
t x 408.52625pt>
File: MainContent/Figs/mass/mass_BsFitMC_best1_ybins_0.0_0.5.PDF Graphic file (
type pdf)
<use MainContent/Figs/mass/mass_BsFitMC_best1_ybins_0.0_0.5.PDF>
Package pdftex.def Info: MainContent/Figs/mass/mass_BsFitMC_best1_ybins_0.0_0.5
.PDF  used on input line 198.
(pdftex.def)             Requested size: 223.13649pt x 160.17236pt.
<MainContent/Figs/mass/mass_BsFitMC_best1_ybins_0.5_1.0.PDF, id=685, 569.12625p
t x 408.52625pt>
File: MainContent/Figs/mass/mass_BsFitMC_best1_ybins_0.5_1.0.PDF Graphic file (
type pdf)
<use MainContent/Figs/mass/mass_BsFitMC_best1_ybins_0.5_1.0.PDF>
Package pdftex.def Info: MainContent/Figs/mass/mass_BsFitMC_best1_ybins_0.5_1.0
.PDF  used on input line 204.
(pdftex.def)             Requested size: 223.13649pt x 160.17236pt.
<MainContent/Figs/mass/mass_BsFitMC_best1_ybins_1.0_1.6.PDF, id=686, 569.12625p
t x 408.52625pt>
File: MainContent/Figs/mass/mass_BsFitMC_best1_ybins_1.0_1.6.PDF Graphic file (
type pdf)
<use MainContent/Figs/mass/mass_BsFitMC_best1_ybins_1.0_1.6.PDF>
Package pdftex.def Info: MainContent/Figs/mass/mass_BsFitMC_best1_ybins_1.0_1.6
.PDF  used on input line 210.
(pdftex.def)             Requested size: 223.13649pt x 160.17236pt.
<MainContent/Figs/mass/mass_BsFitMC_best1_ybins_1.6_2.4.PDF, id=687, 569.12625p
t x 408.52625pt>
File: MainContent/Figs/mass/mass_BsFitMC_best1_ybins_1.6_2.4.PDF Graphic file (
type pdf)
<use MainContent/Figs/mass/mass_BsFitMC_best1_ybins_1.6_2.4.PDF>
Package pdftex.def Info: MainContent/Figs/mass/mass_BsFitMC_best1_ybins_1.6_2.4
.PDF  used on input line 216.
(pdftex.def)             Requested size: 223.13649pt x 160.17236pt.
<MainContent/Figs/mass/mass_BsFit_ybins_0.0_0.5.PDF, id=688, 569.12625pt x 408.
52625pt>
File: MainContent/Figs/mass/mass_BsFit_ybins_0.0_0.5.PDF Graphic file (type pdf
)
<use MainContent/Figs/mass/mass_BsFit_ybins_0.0_0.5.PDF>
Package pdftex.def Info: MainContent/Figs/mass/mass_BsFit_ybins_0.0_0.5.PDF  us
ed on input line 228.
(pdftex.def)             Requested size: 223.13649pt x 160.17236pt.
<MainContent/Figs/mass/mass_BsFit_ybins_0.5_1.0.PDF, id=689, 569.12625pt x 408.
52625pt>
File: MainContent/Figs/mass/mass_BsFit_ybins_0.5_1.0.PDF Graphic file (type pdf
)
<use MainContent/Figs/mass/mass_BsFit_ybins_0.5_1.0.PDF>
Package pdftex.def Info: MainContent/Figs/mass/mass_BsFit_ybins_0.5_1.0.PDF  us
ed on input line 234.
(pdftex.def)             Requested size: 223.13649pt x 160.17236pt.
<MainContent/Figs/mass/mass_BsFit_ybins_1.0_1.6.PDF, id=690, 569.12625pt x 408.
52625pt>
File: MainContent/Figs/mass/mass_BsFit_ybins_1.0_1.6.PDF Graphic file (type pdf
)
<use MainContent/Figs/mass/mass_BsFit_ybins_1.0_1.6.PDF>
Package pdftex.def Info: MainContent/Figs/mass/mass_BsFit_ybins_1.0_1.6.PDF  us
ed on input line 240.
(pdftex.def)             Requested size: 223.13649pt x 160.17236pt.
<MainContent/Figs/mass/mass_BsFit_ybins_1.6_2.4.PDF, id=691, 569.12625pt x 408.
52625pt>
File: MainContent/Figs/mass/mass_BsFit_ybins_1.6_2.4.PDF Graphic file (type pdf
)
<use MainContent/Figs/mass/mass_BsFit_ybins_1.6_2.4.PDF>
Package pdftex.def Info: MainContent/Figs/mass/mass_BsFit_ybins_1.6_2.4.PDF  us
ed on input line 246.
(pdftex.def)             Requested size: 223.13649pt x 160.17236pt.


Package fancyhdr Warning: \headheight is too small (12.0pt): 
(fancyhdr)                Make it at least 14.49998pt, for example:
(fancyhdr)                \setlength{\headheight}{14.49998pt}.
(fancyhdr)                You might also make \topmargin smaller to compensate:

(fancyhdr)                \addtolength{\topmargin}{-2.49998pt}.

[27]

Package fancyhdr Warning: \headheight is too small (12.0pt): 
(fancyhdr)                Make it at least 14.49998pt, for example:
(fancyhdr)                \setlength{\headheight}{14.49998pt}.
(fancyhdr)                You might also make \topmargin smaller to compensate:

(fancyhdr)                \addtolength{\topmargin}{-2.49998pt}.

[28 <./MainContent/Figs/mass/mass_BsFitMC_best1_ptbins_7_10.PDF, page is rotate
d 90 degrees> <./MainContent/Figs/mass/mass_BsFitMC_best1_ptbins_10_15.PDF, pag
e is rotated 90 degrees> <./MainContent/Figs/mass/mass_BsFitMC_best1_ptbins_15_
20.PDF, page is rotated 90 degrees> <./MainContent/Figs/mass/mass_BsFitMC_best1
_ptbins_20_50.PDF, page is rotated 90 degrees>]

Package fancyhdr Warning: \headheight is too small (12.0pt): 
(fancyhdr)                Make it at least 14.49998pt, for example:
(fancyhdr)                \setlength{\headheight}{14.49998pt}.
(fancyhdr)                You might also make \topmargin smaller to compensate:

(fancyhdr)                \addtolength{\topmargin}{-2.49998pt}.

[29 <./MainContent/Figs/mass/mass_BsFit_ptbins_7_10.PDF, page is rotated 90 deg
rees> <./MainContent/Figs/mass/mass_BsFit_ptbins_10_15.PDF, page is rotated 90 
degrees> <./MainContent/Figs/mass/mass_BsFit_ptbins_15_20.PDF, page is rotated 
90 degrees> <./MainContent/Figs/mass/mass_BsFit_ptbins_20_50.PDF, page is rotat
ed 90 degrees>]

Package fancyhdr Warning: \headheight is too small (12.0pt): 
(fancyhdr)                Make it at least 14.49998pt, for example:
(fancyhdr)                \setlength{\headheight}{14.49998pt}.
(fancyhdr)                You might also make \topmargin smaller to compensate:

(fancyhdr)                \addtolength{\topmargin}{-2.49998pt}.

[30 <./MainContent/Figs/mass/mass_BsFitMC_best1_ybins_0.0_0.5.PDF, page is rota
ted 90 degrees> <./MainContent/Figs/mass/mass_BsFitMC_best1_ybins_0.5_1.0.PDF, 
page is rotated 90 degrees> <./MainContent/Figs/mass/mass_BsFitMC_best1_ybins_1
.0_1.6.PDF, page is rotated 90 degrees> <./MainContent/Figs/mass/mass_BsFitMC_b
est1_ybins_1.6_2.4.PDF, page is rotated 90 degrees>]

Package fancyhdr Warning: \headheight is too small (12.0pt): 
(fancyhdr)                Make it at least 14.49998pt, for example:
(fancyhdr)                \setlength{\headheight}{14.49998pt}.
(fancyhdr)                You might also make \topmargin smaller to compensate:

(fancyhdr)                \addtolength{\topmargin}{-2.49998pt}.

[31 <./MainContent/Figs/mass/mass_BsFit_ybins_0.0_0.5.PDF, page is rotated 90 d
egrees> <./MainContent/Figs/mass/mass_BsFit_ybins_0.5_1.0.PDF, page is rotated 
90 degrees> <./MainContent/Figs/mass/mass_BsFit_ybins_1.0_1.6.PDF, page is rota
ted 90 degrees> <./MainContent/Figs/mass/mass_BsFit_ybins_1.6_2.4.PDF, page is 
rotated 90 degrees>]
<MainContent/Figs/mass/mass_BsFitMC.PDF, id=1405, 569.12625pt x 408.52625pt>
File: MainContent/Figs/mass/mass_BsFitMC.PDF Graphic file (type pdf)
<use MainContent/Figs/mass/mass_BsFitMC.PDF>
Package pdftex.def Info: MainContent/Figs/mass/mass_BsFitMC.PDF  used on input 
line 260.
(pdftex.def)             Requested size: 328.82707pt x 236.04774pt.
<MainContent/Figs/mass/mass_BsFit.PDF, id=1406, 569.12625pt x 408.52625pt>
File: MainContent/Figs/mass/mass_BsFit.PDF Graphic file (type pdf)
<use MainContent/Figs/mass/mass_BsFit.PDF>
Package pdftex.def Info: MainContent/Figs/mass/mass_BsFit.PDF  used on input li
ne 266.
(pdftex.def)             Requested size: 328.82707pt x 236.04774pt.
) (MainContent/Chapter5.tex

Package fancyhdr Warning: \headheight is too small (12.0pt): 
(fancyhdr)                Make it at least 14.49998pt, for example:
(fancyhdr)                \setlength{\headheight}{14.49998pt}.
(fancyhdr)                You might also make \topmargin smaller to compensate:

(fancyhdr)                \addtolength{\topmargin}{-2.49998pt}.

[32]

Package fancyhdr Warning: \headheight is too small (12.0pt): 
(fancyhdr)                Make it at least 14.49998pt, for example:
(fancyhdr)                \setlength{\headheight}{14.49998pt}.
(fancyhdr)                You might also make \topmargin smaller to compensate:

(fancyhdr)                \addtolength{\topmargin}{-2.49998pt}.

[33 <./MainContent/Figs/mass/mass_BsFitMC.PDF, page is rotated 90 degrees> <./M
ainContent/Figs/mass/mass_BsFit.PDF, page is rotated 90 degrees>]
Chapter 5.

Package hyperref Warning: Token not allowed in a PDF string (Unicode):
(hyperref)                removing `\newline' on input line 1.


Package hyperref Warning: Token not allowed in a PDF string (Unicode):
(hyperref)                removing `math shift' on input line 1.


Package hyperref Warning: Token not allowed in a PDF string (Unicode):
(hyperref)                removing `superscript' on input line 1.


Package hyperref Warning: Token not allowed in a PDF string (Unicode):
(hyperref)                removing `subscript' on input line 1.


Package hyperref Warning: Token not allowed in a PDF string (Unicode):
(hyperref)                removing `\to' on input line 1.


Package hyperref Warning: Token not allowed in a PDF string (Unicode):
(hyperref)                removing `\psi' on input line 1.


Package hyperref Warning: Token not allowed in a PDF string (Unicode):
(hyperref)                removing `\phi' on input line 1.


Package hyperref Warning: Token not allowed in a PDF string (Unicode):
(hyperref)                removing `math shift' on input line 1.

[34

]
<MainContent/Figs/effy/alpha_ptbins.PDF, id=1511, 569.12625pt x 408.52625pt>
File: MainContent/Figs/effy/alpha_ptbins.PDF Graphic file (type pdf)
<use MainContent/Figs/effy/alpha_ptbins.PDF>
Package pdftex.def Info: MainContent/Figs/effy/alpha_ptbins.PDF  used on input 
line 33.
(pdftex.def)             Requested size: 223.13649pt x 160.17236pt.
<MainContent/Figs/effy/epsilon_ptbins.PDF, id=1512, 569.12625pt x 408.52625pt>
File: MainContent/Figs/effy/epsilon_ptbins.PDF Graphic file (type pdf)
<use MainContent/Figs/effy/epsilon_ptbins.PDF>
Package pdftex.def Info: MainContent/Figs/effy/epsilon_ptbins.PDF  used on inpu
t line 38.
(pdftex.def)             Requested size: 223.13649pt x 160.17236pt.
<MainContent/Figs/effy/totaleffy_ptbins.PDF, id=1513, 569.12625pt x 408.52625pt
>
File: MainContent/Figs/effy/totaleffy_ptbins.PDF Graphic file (type pdf)
<use MainContent/Figs/effy/totaleffy_ptbins.PDF>
Package pdftex.def Info: MainContent/Figs/effy/totaleffy_ptbins.PDF  used on in
put line 44.
(pdftex.def)             Requested size: 375.80544pt x 269.77153pt.


Package fancyhdr Warning: \headheight is too small (12.0pt): 
(fancyhdr)                Make it at least 14.49998pt, for example:
(fancyhdr)                \setlength{\headheight}{14.49998pt}.
(fancyhdr)                You might also make \topmargin smaller to compensate:

(fancyhdr)                \addtolength{\topmargin}{-2.49998pt}.

[35 <./MainContent/Figs/effy/alpha_ptbins.PDF, page is rotated 90 degrees> <./M
ainContent/Figs/effy/epsilon_ptbins.PDF, page is rotated 90 degrees> <./MainCon
tent/Figs/effy/totaleffy_ptbins.PDF, page is rotated 90 degrees>]
<MainContent/Figs/effy/Histo_Bs_CS_pt_FONLL_8Tev.PDF, id=1658, 569.12625pt x 48
9.83pt>
File: MainContent/Figs/effy/Histo_Bs_CS_pt_FONLL_8Tev.PDF Graphic file (type pd
f)
<use MainContent/Figs/effy/Histo_Bs_CS_pt_FONLL_8Tev.PDF>
Package pdftex.def Info: MainContent/Figs/effy/Histo_Bs_CS_pt_FONLL_8Tev.PDF  u
sed on input line 70.
(pdftex.def)             Requested size: 328.82707pt x 283.02531pt.
<MainContent/Figs/effy/Histo_Bs_CS_pt_FONLL_8Tev_curve.PDF, id=1659, 569.12625p
t x 489.83pt>
File: MainContent/Figs/effy/Histo_Bs_CS_pt_FONLL_8Tev_curve.PDF Graphic file (t
ype pdf)
<use MainContent/Figs/effy/Histo_Bs_CS_pt_FONLL_8Tev_curve.PDF>
Package pdftex.def Info: MainContent/Figs/effy/Histo_Bs_CS_pt_FONLL_8Tev_curve.
PDF  used on input line 76.
(pdftex.def)             Requested size: 328.82707pt x 283.02531pt.


LaTeX Warning: Float too large for page by 9.32059pt on input line 81.


Package fancyhdr Warning: \headheight is too small (12.0pt): 
(fancyhdr)                Make it at least 14.49998pt, for example:
(fancyhdr)                \setlength{\headheight}{14.49998pt}.
(fancyhdr)                You might also make \topmargin smaller to compensate:

(fancyhdr)                \addtolength{\topmargin}{-2.49998pt}.

[36]

Package fancyhdr Warning: \headheight is too small (12.0pt): 
(fancyhdr)                Make it at least 14.49998pt, for example:
(fancyhdr)                \setlength{\headheight}{14.49998pt}.
(fancyhdr)                You might also make \topmargin smaller to compensate:

(fancyhdr)                \addtolength{\topmargin}{-2.49998pt}.

[37 <./MainContent/Figs/effy/Histo_Bs_CS_pt_FONLL_8Tev.PDF, page is rotated 90 
degrees> <./MainContent/Figs/effy/Histo_Bs_CS_pt_FONLL_8Tev_curve.PDF, page is 
rotated 90 degrees>]

Package fancyhdr Warning: \headheight is too small (12.0pt): 
(fancyhdr)                Make it at least 14.49998pt, for example:
(fancyhdr)                \setlength{\headheight}{14.49998pt}.
(fancyhdr)                You might also make \topmargin smaller to compensate:

(fancyhdr)                \addtolength{\topmargin}{-2.49998pt}.

[38

]

Package fancyhdr Warning: \headheight is too small (12.0pt): 
(fancyhdr)                Make it at least 14.49998pt, for example:
(fancyhdr)                \setlength{\headheight}{14.49998pt}.
(fancyhdr)                You might also make \topmargin smaller to compensate:

(fancyhdr)                \addtolength{\topmargin}{-2.49998pt}.

[39]
<MainContent/Figs/mass/mass_BsFit_ptbins_syssig_7_10.PDF, id=1786, 569.12625pt 
x 408.52625pt>
File: MainContent/Figs/mass/mass_BsFit_ptbins_syssig_7_10.PDF Graphic file (typ
e pdf)
<use MainContent/Figs/mass/mass_BsFit_ptbins_syssig_7_10.PDF>
Package pdftex.def Info: MainContent/Figs/mass/mass_BsFit_ptbins_syssig_7_10.PD
F  used on input line 151.
(pdftex.def)             Requested size: 223.13649pt x 160.17236pt.
<MainContent/Figs/mass/mass_BsFit_ptbins_syssig_10_15.PDF, id=1787, 569.12625pt
 x 408.52625pt>
File: MainContent/Figs/mass/mass_BsFit_ptbins_syssig_10_15.PDF Graphic file (ty
pe pdf)
<use MainContent/Figs/mass/mass_BsFit_ptbins_syssig_10_15.PDF>
Package pdftex.def Info: MainContent/Figs/mass/mass_BsFit_ptbins_syssig_10_15.P
DF  used on input line 157.
(pdftex.def)             Requested size: 223.13649pt x 160.17236pt.
<MainContent/Figs/mass/mass_BsFit_ptbins_syssig_15_20.PDF, id=1788, 569.12625pt
 x 408.52625pt>
File: MainContent/Figs/mass/mass_BsFit_ptbins_syssig_15_20.PDF Graphic file (ty
pe pdf)
<use MainContent/Figs/mass/mass_BsFit_ptbins_syssig_15_20.PDF>
Package pdftex.def Info: MainContent/Figs/mass/mass_BsFit_ptbins_syssig_15_20.P
DF  used on input line 163.
(pdftex.def)             Requested size: 223.13649pt x 160.17236pt.
<MainContent/Figs/mass/mass_BsFit_ptbins_syssig_20_50.PDF, id=1789, 569.12625pt
 x 408.52625pt>
File: MainContent/Figs/mass/mass_BsFit_ptbins_syssig_20_50.PDF Graphic file (ty
pe pdf)
<use MainContent/Figs/mass/mass_BsFit_ptbins_syssig_20_50.PDF>
Package pdftex.def Info: MainContent/Figs/mass/mass_BsFit_ptbins_syssig_20_50.P
DF  used on input line 169.
(pdftex.def)             Requested size: 223.13649pt x 160.17236pt.
<MainContent/Figs/mass/mass_BsFit_ptbins_sysbkg_7_10.PDF, id=1790, 569.12625pt 
x 408.52625pt>
File: MainContent/Figs/mass/mass_BsFit_ptbins_sysbkg_7_10.PDF Graphic file (typ
e pdf)
<use MainContent/Figs/mass/mass_BsFit_ptbins_sysbkg_7_10.PDF>
Package pdftex.def Info: MainContent/Figs/mass/mass_BsFit_ptbins_sysbkg_7_10.PD
F  used on input line 183.
(pdftex.def)             Requested size: 223.13649pt x 160.17236pt.
<MainContent/Figs/mass/mass_BsFit_ptbins_sysbkg_10_15.PDF, id=1791, 569.12625pt
 x 408.52625pt>
File: MainContent/Figs/mass/mass_BsFit_ptbins_sysbkg_10_15.PDF Graphic file (ty
pe pdf)
<use MainContent/Figs/mass/mass_BsFit_ptbins_sysbkg_10_15.PDF>
Package pdftex.def Info: MainContent/Figs/mass/mass_BsFit_ptbins_sysbkg_10_15.P
DF  used on input line 189.
(pdftex.def)             Requested size: 223.13649pt x 160.17236pt.
<MainContent/Figs/mass/mass_BsFit_ptbins_sysbkg_15_20.PDF, id=1792, 569.12625pt
 x 408.52625pt>
File: MainContent/Figs/mass/mass_BsFit_ptbins_sysbkg_15_20.PDF Graphic file (ty
pe pdf)
<use MainContent/Figs/mass/mass_BsFit_ptbins_sysbkg_15_20.PDF>
Package pdftex.def Info: MainContent/Figs/mass/mass_BsFit_ptbins_sysbkg_15_20.P
DF  used on input line 195.
(pdftex.def)             Requested size: 223.13649pt x 160.17236pt.
<MainContent/Figs/mass/mass_BsFit_ptbins_sysbkg_20_50.PDF, id=1793, 569.12625pt
 x 408.52625pt>
File: MainContent/Figs/mass/mass_BsFit_ptbins_sysbkg_20_50.PDF Graphic file (ty
pe pdf)
<use MainContent/Figs/mass/mass_BsFit_ptbins_sysbkg_20_50.PDF>
Package pdftex.def Info: MainContent/Figs/mass/mass_BsFit_ptbins_sysbkg_20_50.P
DF  used on input line 201.
(pdftex.def)             Requested size: 223.13649pt x 160.17236pt.
<MainContent/Figs/mass/mass_BsFit_ptbins_syssig_7_50.PDF, id=1794, 569.12625pt 
x 408.52625pt>
File: MainContent/Figs/mass/mass_BsFit_ptbins_syssig_7_50.PDF Graphic file (typ
e pdf)
<use MainContent/Figs/mass/mass_BsFit_ptbins_syssig_7_50.PDF>
Package pdftex.def Info: MainContent/Figs/mass/mass_BsFit_ptbins_syssig_7_50.PD
F  used on input line 214.
(pdftex.def)             Requested size: 328.82707pt x 236.04774pt.
<MainContent/Figs/mass/mass_BsFit_ptbins_sysbkg_7_50.PDF, id=1795, 569.12625pt 
x 408.52625pt>
File: MainContent/Figs/mass/mass_BsFit_ptbins_sysbkg_7_50.PDF Graphic file (typ
e pdf)
<use MainContent/Figs/mass/mass_BsFit_ptbins_sysbkg_7_50.PDF>
Package pdftex.def Info: MainContent/Figs/mass/mass_BsFit_ptbins_sysbkg_7_50.PD
F  used on input line 220.
(pdftex.def)             Requested size: 328.82707pt x 236.04774pt.


Package fancyhdr Warning: \headheight is too small (12.0pt): 
(fancyhdr)                Make it at least 14.49998pt, for example:
(fancyhdr)                \setlength{\headheight}{14.49998pt}.
(fancyhdr)                You might also make \topmargin smaller to compensate:

(fancyhdr)                \addtolength{\topmargin}{-2.49998pt}.

[40]

Package fancyhdr Warning: \headheight is too small (12.0pt): 
(fancyhdr)                Make it at least 14.49998pt, for example:
(fancyhdr)                \setlength{\headheight}{14.49998pt}.
(fancyhdr)                You might also make \topmargin smaller to compensate:

(fancyhdr)                \addtolength{\topmargin}{-2.49998pt}.

[41 <./MainContent/Figs/mass/mass_BsFit_ptbins_syssig_7_10.PDF, page is rotated
 90 degrees> <./MainContent/Figs/mass/mass_BsFit_ptbins_syssig_10_15.PDF, page 
is rotated 90 degrees> <./MainContent/Figs/mass/mass_BsFit_ptbins_syssig_15_20.
PDF, page is rotated 90 degrees> <./MainContent/Figs/mass/mass_BsFit_ptbins_sys
sig_20_50.PDF, page is rotated 90 degrees>]

Package fancyhdr Warning: \headheight is too small (12.0pt): 
(fancyhdr)                Make it at least 14.49998pt, for example:
(fancyhdr)                \setlength{\headheight}{14.49998pt}.
(fancyhdr)                You might also make \topmargin smaller to compensate:

(fancyhdr)                \addtolength{\topmargin}{-2.49998pt}.

[42 <./MainContent/Figs/mass/mass_BsFit_ptbins_sysbkg_7_10.PDF, page is rotated
 90 degrees> <./MainContent/Figs/mass/mass_BsFit_ptbins_sysbkg_10_15.PDF, page 
is rotated 90 degrees> <./MainContent/Figs/mass/mass_BsFit_ptbins_sysbkg_15_20.
PDF, page is rotated 90 degrees> <./MainContent/Figs/mass/mass_BsFit_ptbins_sys
bkg_20_50.PDF, page is rotated 90 degrees>]

Package fancyhdr Warning: \headheight is too small (12.0pt): 
(fancyhdr)                Make it at least 14.49998pt, for example:
(fancyhdr)                \setlength{\headheight}{14.49998pt}.
(fancyhdr)                You might also make \topmargin smaller to compensate:

(fancyhdr)                \addtolength{\topmargin}{-2.49998pt}.

[43 <./MainContent/Figs/mass/mass_BsFit_ptbins_syssig_7_50.PDF, page is rotated
 90 degrees> <./MainContent/Figs/mass/mass_BsFit_ptbins_sysbkg_7_50.PDF, page i
s rotated 90 degrees>]) (MainContent/Chapter6.tex

Package fancyhdr Warning: \headheight is too small (12.0pt): 
(fancyhdr)                Make it at least 14.49998pt, for example:
(fancyhdr)                \setlength{\headheight}{14.49998pt}.
(fancyhdr)                You might also make \topmargin smaller to compensate:

(fancyhdr)                \addtolength{\topmargin}{-2.49998pt}.

[44

]
Chapter 6.

Package hyperref Warning: Token not allowed in a PDF string (Unicode):
(hyperref)                removing `\newline' on input line 1.

) [45

] [46


]

Package fancyhdr Warning: \headheight is too small (12.0pt): 
(fancyhdr)                Make it at least 14.49998pt, for example:
(fancyhdr)                \setlength{\headheight}{14.49998pt}.
(fancyhdr)                You might also make \topmargin smaller to compensate:

(fancyhdr)                \addtolength{\topmargin}{-2.49998pt}.

[47]
Overfull \hbox (11.38184pt too wide) in paragraph at lines 179--179
[]\OT1/cmr/m/n/12 CERN. \OT1/cmr/m/it/12 GEMS (GAS ELEC-TRON MUL-TI-PLIER)\OT1/
cmr/m/n/12 . \OT1/cmr/m/sc/12 url\OT1/cmr/m/n/12 : []$\OT1/cmtt/m/n/12 https : 
/ / cms . cern / detector /
 []


Package fancyhdr Warning: \headheight is too small (12.0pt): 
(fancyhdr)                Make it at least 14.49998pt, for example:
(fancyhdr)                \setlength{\headheight}{14.49998pt}.
(fancyhdr)                You might also make \topmargin smaller to compensate:

(fancyhdr)                \addtolength{\topmargin}{-2.49998pt}.

[48]
Overfull \hbox (5.30815pt too wide) in paragraph at lines 179--179
\OT1/cmr/m/n/12 2014. \OT1/cmr/m/sc/12 url\OT1/cmr/m/n/12 : []$\OT1/cmtt/m/n/12
 https : / / www . science20 . com / a _ quantum _ diaries _ survivor / prescal
ed _
 []


Package fancyhdr Warning: \headheight is too small (12.0pt): 
(fancyhdr)                Make it at least 14.49998pt, for example:
(fancyhdr)                \setlength{\headheight}{14.49998pt}.
(fancyhdr)                You might also make \topmargin smaller to compensate:

(fancyhdr)                \addtolength{\topmargin}{-2.49998pt}.

[49] (main.aux)
Package rerunfilecheck Info: File `main.out' has not changed.
(rerunfilecheck)             Checksum: 0D820111BBF0078DCEAD2D6E28AC0B80;6452.
Package logreq Info: Writing requests to 'main.run.xml'.
\openout1 = `main.run.xml'.

 )
(\end occurred inside a group at level 1)

### simple group (level 1) entered at line 49 ({)
### bottom level 
Here is how much of TeX's memory you used:
 23588 strings out of 478864
 404371 string characters out of 2858517
 1021369 words of memory out of 3000000
 40913 multiletter control sequences out of 15000+600000
 425669 words of font info for 108 fonts, out of 8000000 for 9000
 1141 hyphenation exceptions out of 8191
 70i,20n,81p,1847b,1558s stack positions out of 5000i,500n,10000p,200000b,80000s
 <C:\Users\alexo\AppData\Local\MiKTeX\fonts/pk/ljfour/jknappen/
ec/dpi600\tcrm1200.pk><C:/Program Files/MiKTeX/fonts/type1/public/amsfonts/cm/c
mbx12.pfb><C:/Program Files/MiKTeX/fonts/type1/public/amsfonts/cm/cmbx8.pfb><C:
/Program Files/MiKTeX/fonts/type1/public/amsfonts/cm/cmcsc10.pfb><C:/Program Fi
les/MiKTeX/fonts/type1/public/amsfonts/cm/cmex10.pfb><C:/Program Files/MiKTeX/f
onts/type1/public/amsfonts/cmextra/cmex8.pfb><C:/Program Files/MiKTeX/fonts/typ
e1/public/amsfonts/cm/cmmi10.pfb><C:/Program Files/MiKTeX/fonts/type1/public/am
sfonts/cm/cmmi12.pfb><C:/Program Files/MiKTeX/fonts/type1/public/amsfonts/cm/cm
mi6.pfb><C:/Program Files/MiKTeX/fonts/type1/public/amsfonts/cm/cmmi8.pfb><C:/P
rogram Files/MiKTeX/fonts/type1/public/amsfonts/cm/cmr10.pfb><C:/Program Files/
MiKTeX/fonts/type1/public/amsfonts/cm/cmr12.pfb><C:/Program Files/MiKTeX/fonts/
type1/public/amsfonts/cm/cmr17.pfb><C:/Program Files/MiKTeX/fonts/type1/public/
amsfonts/cm/cmr6.pfb><C:/Program Files/MiKTeX/fonts/type1/public/amsfonts/cm/cm
r8.pfb><C:/Program Files/MiKTeX/fonts/type1/public/amsfonts/cm/cmss8.pfb><C:/Pr
ogram Files/MiKTeX/fonts/type1/public/amsfonts/cm/cmsy10.pfb><C:/Program Files/
MiKTeX/fonts/type1/public/amsfonts/cm/cmsy6.pfb><C:/Program Files/MiKTeX/fonts/
type1/public/amsfonts/cm/cmsy8.pfb><C:/Program Files/MiKTeX/fonts/type1/public/
amsfonts/cm/cmti12.pfb><C:/Program Files/MiKTeX/fonts/type1/public/amsfonts/cm/
cmtt12.pfb>
Output written on main.pdf (59 pages, 5168483 bytes).
PDF statistics:
 2444 PDF objects out of 2487 (max. 8388607)
 196 named destinations out of 1000 (max. 500000)
 519 words of extra memory for PDF output out of 10000 (max. 10000000)

