\BOOKMARK [0][-]{TitlePage.0}{\376\377\000T\000i\000t\000l\000e\000\040\000P\000a\000g\000e}{}% 1
\BOOKMARK [0][-]{section*.4}{\376\377\000T\000a\000b\000l\000e\000\040\000o\000f\000\040\000C\000o\000n\000t\000e\000n\000t\000s}{}% 2
\BOOKMARK [0][-]{section*.5}{\376\377\000L\000i\000s\000t\000\040\000o\000f\000\040\000T\000a\000b\000l\000e\000s}{}% 3
\BOOKMARK [0][-]{section*.6}{\376\377\000L\000i\000s\000t\000\040\000o\000f\000\040\000F\000i\000g\000u\000r\000e\000s}{}% 4
\BOOKMARK [0][-]{chapter*.7}{\376\377\000A\000b\000s\000t\000r\000a\000c\000t}{}% 5
\BOOKMARK [0][-]{chapter*.8}{\376\377\000I\000n\000t\000r\000o\000d\000u\000c\000t\000i\000o\000n}{}% 6
\BOOKMARK [0][-]{chapter.1}{\376\377\000T\000h\000e\000\040\000S\000t\000a\000n\000d\000a\000r\000d\000\040\000M\000o\000d\000e\000l\000\040\000o\000f\000\040\000p\000a\000r\000t\000i\000c\000l\000e\000\040\000p\000h\000y\000s\000i\000c\000s}{}% 7
\BOOKMARK [1][-]{section.1.1}{\376\377\000Q\000u\000a\000n\000t\000u\000m\000\040\000C\000h\000r\000o\000m\000o\000d\000y\000n\000a\000m\000i\000c\000s}{chapter.1}% 8
\BOOKMARK [2][-]{subsection.1.1.1}{\376\377\000Q\000u\000a\000r\000k\000\040\000G\000l\000u\000o\000n\000\040\000P\000l\000a\000s\000m\000a}{section.1.1}% 9
\BOOKMARK [1][-]{section.1.2}{\376\377\000B\0000\000s}{chapter.1}% 10
\BOOKMARK [2][-]{subsection.1.2.1}{\376\377\000T\000h\000e\000\040\000B\0000\000s\000\040\000J\000/\000\040\000\050\0001\0000\0002\0000\000\051\000\040\000c\000h\000a\000n\000n\000e\000l}{section.1.2}% 11
\BOOKMARK [0][-]{chapter.2}{\376\377\000T\000h\000e\000\040\000L\000a\000r\000g\000e\000\040\000H\000a\000d\000r\000o\000n\000\040\000C\000o\000l\000l\000i\000d\000e\000r}{}% 12
\BOOKMARK [1][-]{section.2.1}{\376\377\000T\000h\000e\000\040\000C\000M\000S\000\040\000d\000e\000t\000e\000c\000t\000o\000r}{chapter.2}% 13
\BOOKMARK [2][-]{subsection.2.1.1}{\376\377\000T\000h\000e\000\040\000c\000o\000o\000r\000d\000i\000n\000a\000t\000e\000\040\000s\000y\000s\000t\000e\000m}{section.2.1}% 14
\BOOKMARK [2][-]{subsection.2.1.2}{\376\377\000S\000u\000p\000e\000r\000c\000o\000n\000d\000u\000c\000t\000i\000n\000g\000\040\000S\000o\000l\000e\000n\000o\000i\000d}{section.2.1}% 15
\BOOKMARK [2][-]{subsection.2.1.3}{\376\377\000T\000h\000e\000\040\000t\000r\000a\000c\000k\000e\000r}{section.2.1}% 16
\BOOKMARK [2][-]{subsection.2.1.4}{\376\377\000C\000a\000l\000o\000r\000i\000m\000e\000t\000r\000y\000\040\000s\000y\000s\000t\000e\000m}{section.2.1}% 17
\BOOKMARK [2][-]{subsection.2.1.5}{\376\377\000M\000u\000o\000n\000\040\000d\000e\000t\000e\000c\000t\000o\000r}{section.2.1}% 18
\BOOKMARK [2][-]{subsection.2.1.6}{\376\377\000T\000r\000i\000g\000g\000e\000r\000\040\000S\000y\000s\000t\000e\000m}{section.2.1}% 19
\BOOKMARK [0][-]{chapter.3}{\376\377\000S\000i\000m\000u\000l\000a\000t\000i\000o\000n\000\040\000a\000n\000d\000\040\000B\0000\000s\000\040\000R\000e\000c\000o\000n\000s\000t\000r\000u\000c\000t\000i\000o\000n}{}% 20
\BOOKMARK [1][-]{section.3.1}{\376\377\000D\000a\000t\000a\000\040\000a\000n\000d\000\040\000M\000o\000n\000t\000e\000\040\000C\000a\000r\000l\000o\000\040\000s\000a\000m\000p\000l\000e\000s}{chapter.3}% 21
\BOOKMARK [1][-]{section.3.2}{\376\377\000T\000r\000i\000g\000g\000e\000r\000s}{chapter.3}% 22
\BOOKMARK [1][-]{section.3.3}{\376\377\000R\000e\000c\000o\000n\000s\000t\000r\000u\000c\000t\000i\000o\000n\000\040\000a\000n\000d\000\040\000s\000e\000l\000e\000c\000t\000i\000o\000n\000\040\000c\000r\000i\000t\000e\000r\000i\000a}{chapter.3}% 23
\BOOKMARK [2][-]{subsection.3.3.1}{\376\377\000J\000/\000\040\000r\000e\000c\000o\000n\000s\000t\000r\000u\000c\000t\000i\000o\000n}{section.3.3}% 24
\BOOKMARK [2][-]{subsection.3.3.2}{\376\377\000\050\0001\0000\0002\0000\000\051\000\040\000r\000e\000c\000o\000n\000s\000t\000r\000u\000c\000t\000i\000o\000n}{section.3.3}% 25
\BOOKMARK [2][-]{subsection.3.3.3}{\376\377\000B\000s\0000\000\040\000r\000e\000c\000o\000n\000s\000t\000r\000u\000c\000t\000i\000o\000n}{section.3.3}% 26
\BOOKMARK [1][-]{section.3.4}{\376\377\000C\000M\000S\000S\000W\000\040\000F\000r\000a\000m\000e\000w\000o\000r\000k}{chapter.3}% 27
\BOOKMARK [0][-]{chapter.4}{\376\377\000A\000n\000a\000l\000y\000s\000i\000s\000\040\000M\000e\000t\000h\000o\000d\000s}{}% 28
\BOOKMARK [1][-]{section.4.1}{\376\377\000P\000r\000o\000b\000a\000b\000i\000l\000i\000t\000y\000\040\000D\000e\000n\000s\000i\000t\000y\000\040\000F\000u\000n\000c\000t\000i\000o\000n}{chapter.4}% 29
\BOOKMARK [1][-]{section.4.2}{\376\377\000P\000D\000F\000\040\000f\000o\000r\000\040\000t\000h\000e\000\040\000i\000n\000v\000a\000r\000i\000a\000n\000t\000\040\000m\000a\000s\000s\000\040\000o\000f\000\040\000B\0000\000s}{chapter.4}% 30
\BOOKMARK [1][-]{section.4.3}{\376\377\000M\000a\000x\000i\000m\000u\000m\000\040\000l\000i\000k\000e\000l\000i\000h\000o\000o\000d\000\040\000m\000e\000t\000h\000o\000d}{chapter.4}% 31
\BOOKMARK [1][-]{section.4.4}{\376\377\000S\000y\000s\000t\000e\000m\000a\000t\000i\000c\000\040\000a\000n\000d\000\040\000s\000t\000a\000t\000i\000s\000t\000i\000c\000a\000l\000\040\000u\000n\000c\000e\000r\000t\000a\000i\000n\000t\000i\000e\000s}{chapter.4}% 32
\BOOKMARK [1][-]{section.4.5}{\376\377\000P\000T\000\040\000a\000n\000d\000\040\000|\000y\000|\000\040\000b\000i\000n\000s}{chapter.4}% 33
\BOOKMARK [0][-]{chapter.5}{\376\377\000C\000r\000o\000s\000s\000-\000s\000e\000c\000t\000i\000o\000n\000\040\000e\000v\000a\000l\000u\000a\000t\000i\000o\000n}{}% 34
\BOOKMARK [1][-]{section.5.1}{\376\377\000T\000o\000t\000a\000l\000\040\000E\000f\000f\000i\000c\000i\000e\000n\000c\000y}{chapter.5}% 35
\BOOKMARK [2][-]{subsection.5.1.1}{\376\377\000A\000c\000c\000e\000p\000t\000a\000n\000c\000e}{section.5.1}% 36
\BOOKMARK [2][-]{subsection.5.1.2}{\376\377\000E\000f\000f\000i\000c\000i\000e\000n\000c\000y}{section.5.1}% 37
\BOOKMARK [1][-]{section.5.2}{\376\377\000U\000n\000c\000e\000r\000t\000a\000i\000n\000t\000y\000\040\000i\000n\000\040\000t\000h\000e\000\040\000c\000r\000o\000s\000s\000-\000s\000e\000c\000t\000i\000o\000n}{chapter.5}% 38
\BOOKMARK [2][-]{subsection.5.2.1}{\376\377\000F\000i\000t\000\040\000m\000o\000d\000e\000l}{section.5.2}% 39
\BOOKMARK [2][-]{subsection.5.2.2}{\376\377\000T\000r\000a\000c\000k\000\040\000E\000f\000f\000i\000c\000i\000e\000n\000c\000y}{section.5.2}% 40
\BOOKMARK [2][-]{subsection.5.2.3}{\376\377\000T\000o\000t\000a\000l\000\040\000u\000n\000c\000e\000r\000t\000a\000i\000n\000t\000y}{section.5.2}% 41
\BOOKMARK [0][-]{chapter.6}{\376\377\000H\000e\000a\000d\000i\000n\000g\000\040\000o\000f\000\040\000C\000h\000a\000p\000t\000e\000r\000\040\0006\000\040\000t\000o\000\040\000s\000h\000o\000w\000\040\000i\000n\000\040\000T\000O\000C}{}% 42
\BOOKMARK [0][-]{chapter.7}{\376\377\000C\000o\000n\000c\000l\000u\000s\000i\000o\000n}{}% 43
\BOOKMARK [0][-]{chapter.7}{\376\377\000B\000i\000b\000l\000i\000o\000g\000r\000a\000p\000h\000y}{}% 44
